c:\users\toan\onedrive - vnu-hcmus\hcmus\hk2\programmingtechniques\project\code\22clc02-programmingtechniques-group01\windows_forms\cms\debug\vc142.pdb
c:\users\toan\onedrive - vnu-hcmus\hcmus\hk2\programmingtechniques\project\code\22clc02-programmingtechniques-group01\windows_forms\cms\debug\.netframework,version=v4.7.2.assemblyattributes.obj
c:\users\toan\onedrive - vnu-hcmus\hcmus\hk2\programmingtechniques\project\code\22clc02-programmingtechniques-group01\windows_forms\cms\debug\updatescore.obj
c:\users\toan\onedrive - vnu-hcmus\hcmus\hk2\programmingtechniques\project\code\22clc02-programmingtechniques-group01\windows_forms\cms\debug\import.obj
c:\users\toan\onedrive - vnu-hcmus\hcmus\hk2\programmingtechniques\project\code\22clc02-programmingtechniques-group01\windows_forms\cms\debug\helperfunctions.obj
c:\users\toan\onedrive - vnu-hcmus\hcmus\hk2\programmingtechniques\project\code\22clc02-programmingtechniques-group01\windows_forms\cms\debug\menustudent.obj
c:\users\toan\onedrive - vnu-hcmus\hcmus\hk2\programmingtechniques\project\code\22clc02-programmingtechniques-group01\windows_forms\cms\debug\menustaff.obj
c:\users\toan\onedrive - vnu-hcmus\hcmus\hk2\programmingtechniques\project\code\22clc02-programmingtechniques-group01\windows_forms\cms\debug\login.obj
c:\users\toan\onedrive - vnu-hcmus\hcmus\hk2\programmingtechniques\project\code\22clc02-programmingtechniques-group01\windows_forms\cms\debug\export.obj
c:\users\toan\onedrive - vnu-hcmus\hcmus\hk2\programmingtechniques\project\code\22clc02-programmingtechniques-group01\windows_forms\cms\debug\updateresult.obj
c:\users\toan\onedrive - vnu-hcmus\hcmus\hk2\programmingtechniques\project\code\22clc02-programmingtechniques-group01\windows_forms\cms\debug\changepass.obj
c:\users\toan\onedrive - vnu-hcmus\hcmus\hk2\programmingtechniques\project\code\22clc02-programmingtechniques-group01\windows_forms\cms\debug\cms.forms.login.resources
c:\users\toan\onedrive - vnu-hcmus\hcmus\hk2\programmingtechniques\project\code\22clc02-programmingtechniques-group01\windows_forms\cms\debug\cms.updatescore.resources
c:\users\toan\onedrive - vnu-hcmus\hcmus\hk2\programmingtechniques\project\code\22clc02-programmingtechniques-group01\windows_forms\cms\debug\cms.login.resources
c:\users\toan\onedrive - vnu-hcmus\hcmus\hk2\programmingtechniques\project\code\22clc02-programmingtechniques-group01\windows_forms\cms\debug\cms.updateresult.resources
c:\users\toan\onedrive - vnu-hcmus\hcmus\hk2\programmingtechniques\project\code\22clc02-programmingtechniques-group01\windows_forms\cms\debug\cms.menustaff.resources
c:\users\toan\onedrive - vnu-hcmus\hcmus\hk2\programmingtechniques\project\code\22clc02-programmingtechniques-group01\windows_forms\cms\debug\cms.removestufromcourse.resources
c:\users\toan\onedrive - vnu-hcmus\hcmus\hk2\programmingtechniques\project\code\22clc02-programmingtechniques-group01\windows_forms\cms\debug\cms.menustudent.resources
c:\users\toan\onedrive - vnu-hcmus\hcmus\hk2\programmingtechniques\project\code\22clc02-programmingtechniques-group01\windows_forms\cms\debug\cms.add1stutocourse.resources
c:\users\toan\onedrive - vnu-hcmus\hcmus\hk2\programmingtechniques\project\code\22clc02-programmingtechniques-group01\windows_forms\cms\debug\cms.viewalistinaclasses.resources
c:\users\toan\onedrive - vnu-hcmus\hcmus\hk2\programmingtechniques\project\code\22clc02-programmingtechniques-group01\windows_forms\cms\debug\cms.add1stutoclass.resources
c:\users\toan\onedrive - vnu-hcmus\hcmus\hk2\programmingtechniques\project\code\22clc02-programmingtechniques-group01\windows_forms\cms\debug\cms.aboutus.resources
c:\users\toan\onedrive - vnu-hcmus\hcmus\hk2\programmingtechniques\project\code\22clc02-programmingtechniques-group01\windows_forms\cms\debug\cms.add1course.resources
c:\users\toan\onedrive - vnu-hcmus\hcmus\hk2\programmingtechniques\project\code\22clc02-programmingtechniques-group01\windows_forms\cms\debug\cms.changepass.resources
c:\users\toan\onedrive - vnu-hcmus\hcmus\hk2\programmingtechniques\project\code\22clc02-programmingtechniques-group01\windows_forms\cms\debug\cms.create1class.resources
c:\users\toan\onedrive - vnu-hcmus\hcmus\hk2\programmingtechniques\project\code\22clc02-programmingtechniques-group01\windows_forms\cms\debug\cms.create1newsem.resources
c:\users\toan\onedrive - vnu-hcmus\hcmus\hk2\programmingtechniques\project\code\22clc02-programmingtechniques-group01\windows_forms\cms\debug\cms.createschoolyear.resources
c:\users\toan\onedrive - vnu-hcmus\hcmus\hk2\programmingtechniques\project\code\22clc02-programmingtechniques-group01\windows_forms\cms\debug\cms.delete1course.resources
c:\users\toan\onedrive - vnu-hcmus\hcmus\hk2\programmingtechniques\project\code\22clc02-programmingtechniques-group01\windows_forms\cms\debug\cms.expliststuincoursecsv.resources
c:\users\toan\onedrive - vnu-hcmus\hcmus\hk2\programmingtechniques\project\code\22clc02-programmingtechniques-group01\windows_forms\cms\debug\cms.impnewstucsv.resources
c:\users\toan\onedrive - vnu-hcmus\hcmus\hk2\programmingtechniques\project\code\22clc02-programmingtechniques-group01\windows_forms\cms\debug\cms.impscoreofcourse.resources
c:\users\toan\onedrive - vnu-hcmus\hcmus\hk2\programmingtechniques\project\code\22clc02-programmingtechniques-group01\windows_forms\cms\debug\cms.impstutocoursecsv.resources
c:\users\toan\onedrive - vnu-hcmus\hcmus\hk2\programmingtechniques\project\code\22clc02-programmingtechniques-group01\windows_forms\cms\debug\cms.updatecourseinfo.resources
c:\users\toan\onedrive - vnu-hcmus\hcmus\hk2\programmingtechniques\project\code\22clc02-programmingtechniques-group01\windows_forms\cms\debug\cms.viewaliststudentinacourse.resources
c:\users\toan\onedrive - vnu-hcmus\hcmus\hk2\programmingtechniques\project\code\22clc02-programmingtechniques-group01\windows_forms\cms\debug\cms.viewclasses.resources
c:\users\toan\onedrive - vnu-hcmus\hcmus\hk2\programmingtechniques\project\code\22clc02-programmingtechniques-group01\windows_forms\cms\debug\cms.viewlistcourses.resources
c:\users\toan\onedrive - vnu-hcmus\hcmus\hk2\programmingtechniques\project\code\22clc02-programmingtechniques-group01\windows_forms\cms\debug\cms.viewlistcoursesofstu.resources
c:\users\toan\onedrive - vnu-hcmus\hcmus\hk2\programmingtechniques\project\code\22clc02-programmingtechniques-group01\windows_forms\cms\debug\cms.viewscoreof1stu.resources
c:\users\toan\onedrive - vnu-hcmus\hcmus\hk2\programmingtechniques\project\code\22clc02-programmingtechniques-group01\windows_forms\cms\debug\cms.viewscoreofclass.resources
c:\users\toan\onedrive - vnu-hcmus\hcmus\hk2\programmingtechniques\project\code\22clc02-programmingtechniques-group01\windows_forms\cms\debug\cms.viewscoreofcourse.resources
c:\users\toan\onedrive - vnu-hcmus\hcmus\hk2\programmingtechniques\project\code\22clc02-programmingtechniques-group01\windows_forms\debug\cms.exe
c:\users\toan\onedrive - vnu-hcmus\hcmus\hk2\programmingtechniques\project\code\22clc02-programmingtechniques-group01\windows_forms\debug\cms.pdb
c:\users\toan\onedrive - vnu-hcmus\hcmus\hk2\programmingtechniques\project\code\22clc02-programmingtechniques-group01\windows_forms\cms\debug\impscoreofcourse.obj
c:\users\toan\onedrive - vnu-hcmus\hcmus\hk2\programmingtechniques\project\code\22clc02-programmingtechniques-group01\windows_forms\cms\debug\viewlistcourses.obj
c:\users\toan\onedrive - vnu-hcmus\hcmus\hk2\programmingtechniques\project\code\22clc02-programmingtechniques-group01\windows_forms\cms\debug\viewlistcoursesofstu.obj
c:\users\toan\onedrive - vnu-hcmus\hcmus\hk2\programmingtechniques\project\code\22clc02-programmingtechniques-group01\windows_forms\cms\debug\cms.tlog\cl.command.1.tlog
c:\users\toan\onedrive - vnu-hcmus\hcmus\hk2\programmingtechniques\project\code\22clc02-programmingtechniques-group01\windows_forms\cms\debug\cms.tlog\cl.read.1.tlog
c:\users\toan\onedrive - vnu-hcmus\hcmus\hk2\programmingtechniques\project\code\22clc02-programmingtechniques-group01\windows_forms\cms\debug\cms.tlog\cl.write.1.tlog
c:\users\toan\onedrive - vnu-hcmus\hcmus\hk2\programmingtechniques\project\code\22clc02-programmingtechniques-group01\windows_forms\cms\debug\cms.tlog\cms.write.1u.tlog
c:\users\toan\onedrive - vnu-hcmus\hcmus\hk2\programmingtechniques\project\code\22clc02-programmingtechniques-group01\windows_forms\cms\debug\cms.tlog\link.command.1.tlog
c:\users\toan\onedrive - vnu-hcmus\hcmus\hk2\programmingtechniques\project\code\22clc02-programmingtechniques-group01\windows_forms\cms\debug\cms.tlog\link.read.1.tlog
c:\users\toan\onedrive - vnu-hcmus\hcmus\hk2\programmingtechniques\project\code\22clc02-programmingtechniques-group01\windows_forms\cms\debug\cms.tlog\link.write.1.tlog
c:\users\toan\onedrive - vnu-hcmus\hcmus\hk2\programmingtechniques\project\code\22clc02-programmingtechniques-group01\windows_forms\cms\debug\cms.tlog\metagen.read.1.tlog
c:\users\toan\onedrive - vnu-hcmus\hcmus\hk2\programmingtechniques\project\code\22clc02-programmingtechniques-group01\windows_forms\cms\debug\cms.tlog\metagen.write.1.tlog
