  export.cpp
C:\Users\Toan\OneDrive - VNU-HCMUS\HCMUS\HK2\ProgrammingTechniques\Project\Code\22CLC02-ProgrammingTechniques-Group01\TESTING WINFORM\CMS\header.h(59,30): error C3816: 'struct GROUP1::DATE' was previously declared or defined with a different managed modifier
C:\Users\Toan\OneDrive - VNU-HCMUS\HCMUS\HK2\ProgrammingTechniques\Project\Code\22CLC02-ProgrammingTechniques-Group01\TESTING WINFORM\CMS\header.h(59): message : see declaration of 'GROUP1::DATE'
C:\Users\Toan\OneDrive - VNU-HCMUS\HCMUS\HK2\ProgrammingTechniques\Project\Code\22CLC02-ProgrammingTechniques-Group01\TESTING WINFORM\CMS\header.h(66,30): error C3816: 'struct GROUP1::USER' was previously declared or defined with a different managed modifier
C:\Users\Toan\OneDrive - VNU-HCMUS\HCMUS\HK2\ProgrammingTechniques\Project\Code\22CLC02-ProgrammingTechniques-Group01\TESTING WINFORM\CMS\header.h(66): message : see declaration of 'GROUP1::USER'
C:\Users\Toan\OneDrive - VNU-HCMUS\HCMUS\HK2\ProgrammingTechniques\Project\Code\22CLC02-ProgrammingTechniques-Group01\TESTING WINFORM\CMS\header.h(73,31): error C3816: 'struct GROUP1::STAFF' was previously declared or defined with a different managed modifier
C:\Users\Toan\OneDrive - VNU-HCMUS\HCMUS\HK2\ProgrammingTechniques\Project\Code\22CLC02-ProgrammingTechniques-Group01\TESTING WINFORM\CMS\header.h(73): message : see declaration of 'GROUP1::STAFF'
C:\Users\Toan\OneDrive - VNU-HCMUS\HCMUS\HK2\ProgrammingTechniques\Project\Code\22CLC02-ProgrammingTechniques-Group01\TESTING WINFORM\CMS\header.h(82,36): error C3816: 'struct GROUP1::SCOREBOARD' was previously declared or defined with a different managed modifier
C:\Users\Toan\OneDrive - VNU-HCMUS\HCMUS\HK2\ProgrammingTechniques\Project\Code\22CLC02-ProgrammingTechniques-Group01\TESTING WINFORM\CMS\header.h(82): message : see declaration of 'GROUP1::SCOREBOARD'
C:\Users\Toan\OneDrive - VNU-HCMUS\HCMUS\HK2\ProgrammingTechniques\Project\Code\22CLC02-ProgrammingTechniques-Group01\TESTING WINFORM\CMS\header.h(89,33): error C3816: 'struct GROUP1::STUDENT' was previously declared or defined with a different managed modifier
C:\Users\Toan\OneDrive - VNU-HCMUS\HCMUS\HK2\ProgrammingTechniques\Project\Code\22CLC02-ProgrammingTechniques-Group01\TESTING WINFORM\CMS\header.h(89): message : see declaration of 'GROUP1::STUDENT'
C:\Users\Toan\OneDrive - VNU-HCMUS\HCMUS\HK2\ProgrammingTechniques\Project\Code\22CLC02-ProgrammingTechniques-Group01\TESTING WINFORM\CMS\header.h(108,32): error C3816: 'struct GROUP1::COURSE' was previously declared or defined with a different managed modifier
C:\Users\Toan\OneDrive - VNU-HCMUS\HCMUS\HK2\ProgrammingTechniques\Project\Code\22CLC02-ProgrammingTechniques-Group01\TESTING WINFORM\CMS\header.h(108): message : see declaration of 'GROUP1::COURSE'
C:\Users\Toan\OneDrive - VNU-HCMUS\HCMUS\HK2\ProgrammingTechniques\Project\Code\22CLC02-ProgrammingTechniques-Group01\TESTING WINFORM\CMS\header.h(133,34): error C3816: 'struct GROUP1::SEMESTER' was previously declared or defined with a different managed modifier
C:\Users\Toan\OneDrive - VNU-HCMUS\HCMUS\HK2\ProgrammingTechniques\Project\Code\22CLC02-ProgrammingTechniques-Group01\TESTING WINFORM\CMS\header.h(133): message : see declaration of 'GROUP1::SEMESTER'
C:\Users\Toan\OneDrive - VNU-HCMUS\HCMUS\HK2\ProgrammingTechniques\Project\Code\22CLC02-ProgrammingTechniques-Group01\TESTING WINFORM\CMS\header.h(139,36): error C3816: 'struct GROUP1::SCHOOLYEAR' was previously declared or defined with a different managed modifier
C:\Users\Toan\OneDrive - VNU-HCMUS\HCMUS\HK2\ProgrammingTechniques\Project\Code\22CLC02-ProgrammingTechniques-Group01\TESTING WINFORM\CMS\header.h(139): message : see declaration of 'GROUP1::SCHOOLYEAR'
C:\Users\Toan\OneDrive - VNU-HCMUS\HCMUS\HK2\ProgrammingTechniques\Project\Code\22CLC02-ProgrammingTechniques-Group01\TESTING WINFORM\CMS\header.h(154,36): error C3265: cannot declare a managed 'student' in an unmanaged 'GROUP1::CLASS'
C:\Users\Toan\OneDrive - VNU-HCMUS\HCMUS\HK2\ProgrammingTechniques\Project\Code\22CLC02-ProgrammingTechniques-Group01\TESTING WINFORM\CMS\header.h(154,36): message : only simple value types are allowed
C:\Users\Toan\OneDrive - VNU-HCMUS\HCMUS\HK2\ProgrammingTechniques\Project\Code\22CLC02-ProgrammingTechniques-Group01\TESTING WINFORM\CMS\header.h(173,39): error C3145: 'g_currentSchoolYear': global or static variable may not have managed type 'GROUP1::SCHOOLYEAR'
C:\Users\Toan\OneDrive - VNU-HCMUS\HCMUS\HK2\ProgrammingTechniques\Project\Code\22CLC02-ProgrammingTechniques-Group01\TESTING WINFORM\CMS\header.h(173,39): message : only simple value types are allowed
C:\Users\Toan\OneDrive - VNU-HCMUS\HCMUS\HK2\ProgrammingTechniques\Project\Code\22CLC02-ProgrammingTechniques-Group01\TESTING WINFORM\CMS\header.h(174,35): error C3145: 'g_currentSemester': global or static variable may not have managed type 'GROUP1::SEMESTER'
C:\Users\Toan\OneDrive - VNU-HCMUS\HCMUS\HK2\ProgrammingTechniques\Project\Code\22CLC02-ProgrammingTechniques-Group01\TESTING WINFORM\CMS\header.h(174,35): message : only simple value types are allowed
C:\Users\Toan\OneDrive - VNU-HCMUS\HCMUS\HK2\ProgrammingTechniques\Project\Code\22CLC02-ProgrammingTechniques-Group01\TESTING WINFORM\CMS\header.h(178,59): error C3145: 'L_SchoolYear': global or static variable may not have managed type 'GROUP1::LIST<GROUP1::DLL,GROUP1::SCHOOLYEAR>'
C:\Users\Toan\OneDrive - VNU-HCMUS\HCMUS\HK2\ProgrammingTechniques\Project\Code\22CLC02-ProgrammingTechniques-Group01\TESTING WINFORM\CMS\header.h(178,59): message : only simple value types are allowed
C:\Users\Toan\OneDrive - VNU-HCMUS\HCMUS\HK2\ProgrammingTechniques\Project\Code\22CLC02-ProgrammingTechniques-Group01\TESTING WINFORM\CMS\header.h(179,50): error C3145: 'L_Staff': global or static variable may not have managed type 'GROUP1::LIST<GROUP1::DLL,GROUP1::STAFF *>'
C:\Users\Toan\OneDrive - VNU-HCMUS\HCMUS\HK2\ProgrammingTechniques\Project\Code\22CLC02-ProgrammingTechniques-Group01\TESTING WINFORM\CMS\header.h(179,50): message : only simple value types are allowed
C:\Users\Toan\OneDrive - VNU-HCMUS\HCMUS\HK2\ProgrammingTechniques\Project\Code\22CLC02-ProgrammingTechniques-Group01\TESTING WINFORM\CMS\header.h(180,54): error C3145: 'L_Student': global or static variable may not have managed type 'GROUP1::LIST<GROUP1::DLL,GROUP1::STUDENT *>'
C:\Users\Toan\OneDrive - VNU-HCMUS\HCMUS\HK2\ProgrammingTechniques\Project\Code\22CLC02-ProgrammingTechniques-Group01\TESTING WINFORM\CMS\header.h(180,54): message : only simple value types are allowed
C:\Users\Toan\OneDrive - VNU-HCMUS\HCMUS\HK2\ProgrammingTechniques\Project\Code\22CLC02-ProgrammingTechniques-Group01\TESTING WINFORM\CMS\header.h(181,49): error C3145: 'L_Class': global or static variable may not have managed type 'GROUP1::LIST<GROUP1::DLL,GROUP1::CLASS>'
C:\Users\Toan\OneDrive - VNU-HCMUS\HCMUS\HK2\ProgrammingTechniques\Project\Code\22CLC02-ProgrammingTechniques-Group01\TESTING WINFORM\CMS\header.h(181,49): message : only simple value types are allowed
C:\Users\Toan\OneDrive - VNU-HCMUS\HCMUS\HK2\ProgrammingTechniques\Project\Code\22CLC02-ProgrammingTechniques-Group01\TESTING WINFORM\CMS\header.h(43,1): error C3446: 'GROUP1::DLL<Data_Type>::prev': a default member initializer is not allowed for a member of a value class
          with
          [
              Data_Type=GROUP1::STUDENT *
          ]
C:\Users\Toan\OneDrive - VNU-HCMUS\HCMUS\HK2\ProgrammingTechniques\Project\Code\22CLC02-ProgrammingTechniques-Group01\TESTING WINFORM\CMS\export.cpp(16): message : see reference to class template instantiation 'GROUP1::DLL<Data_Type>' being compiled
          with
          [
              Data_Type=GROUP1::STUDENT *
          ]
C:\Users\Toan\OneDrive - VNU-HCMUS\HCMUS\HK2\ProgrammingTechniques\Project\Code\22CLC02-ProgrammingTechniques-Group01\TESTING WINFORM\CMS\header.h(43,41): error C3446: 'GROUP1::DLL<Data_Type>::next': a default member initializer is not allowed for a member of a value class
          with
          [
              Data_Type=GROUP1::STUDENT *
          ]
C:\Users\Toan\OneDrive - VNU-HCMUS\HCMUS\HK2\ProgrammingTechniques\Project\Code\22CLC02-ProgrammingTechniques-Group01\TESTING WINFORM\CMS\export.cpp(17,61): error C2679: binary '<<': no operator found which takes a right-hand operand of type 'System::String ^' (or there is no acceptable conversion)
C:\Program Files (x86)\Microsoft Visual Studio\2019\Community\VC\Tools\MSVC\14.29.30133\include\ostream(464,39): message : could be 'std::basic_ostream<char,std::char_traits<char>> &std::basic_ostream<char,std::char_traits<char>>::operator <<(std::basic_streambuf<char,std::char_traits<char>> *)'
C:\Program Files (x86)\Microsoft Visual Studio\2019\Community\VC\Tools\MSVC\14.29.30133\include\ostream(439,39): message : or       'std::basic_ostream<char,std::char_traits<char>> &std::basic_ostream<char,std::char_traits<char>>::operator <<(const void *)'
C:\Program Files (x86)\Microsoft Visual Studio\2019\Community\VC\Tools\MSVC\14.29.30133\include\ostream(421,39): message : or       'std::basic_ostream<char,std::char_traits<char>> &std::basic_ostream<char,std::char_traits<char>>::operator <<(long double)'
C:\Program Files (x86)\Microsoft Visual Studio\2019\Community\VC\Tools\MSVC\14.29.30133\include\ostream(403,39): message : or       'std::basic_ostream<char,std::char_traits<char>> &std::basic_ostream<char,std::char_traits<char>>::operator <<(double)'
C:\Program Files (x86)\Microsoft Visual Studio\2019\Community\VC\Tools\MSVC\14.29.30133\include\ostream(385,39): message : or       'std::basic_ostream<char,std::char_traits<char>> &std::basic_ostream<char,std::char_traits<char>>::operator <<(float)'
C:\Program Files (x86)\Microsoft Visual Studio\2019\Community\VC\Tools\MSVC\14.29.30133\include\ostream(367,39): message : or       'std::basic_ostream<char,std::char_traits<char>> &std::basic_ostream<char,std::char_traits<char>>::operator <<(unsigned __int64)'
C:\Program Files (x86)\Microsoft Visual Studio\2019\Community\VC\Tools\MSVC\14.29.30133\include\ostream(349,39): message : or       'std::basic_ostream<char,std::char_traits<char>> &std::basic_ostream<char,std::char_traits<char>>::operator <<(__int64)'
C:\Program Files (x86)\Microsoft Visual Studio\2019\Community\VC\Tools\MSVC\14.29.30133\include\ostream(331,39): message : or       'std::basic_ostream<char,std::char_traits<char>> &std::basic_ostream<char,std::char_traits<char>>::operator <<(unsigned long)'
C:\Program Files (x86)\Microsoft Visual Studio\2019\Community\VC\Tools\MSVC\14.29.30133\include\ostream(313,39): message : or       'std::basic_ostream<char,std::char_traits<char>> &std::basic_ostream<char,std::char_traits<char>>::operator <<(long)'
C:\Program Files (x86)\Microsoft Visual Studio\2019\Community\VC\Tools\MSVC\14.29.30133\include\ostream(294,39): message : or       'std::basic_ostream<char,std::char_traits<char>> &std::basic_ostream<char,std::char_traits<char>>::operator <<(unsigned int)'
C:\Program Files (x86)\Microsoft Visual Studio\2019\Community\VC\Tools\MSVC\14.29.30133\include\ostream(268,39): message : or       'std::basic_ostream<char,std::char_traits<char>> &std::basic_ostream<char,std::char_traits<char>>::operator <<(int)'
C:\Program Files (x86)\Microsoft Visual Studio\2019\Community\VC\Tools\MSVC\14.29.30133\include\ostream(249,39): message : or       'std::basic_ostream<char,std::char_traits<char>> &std::basic_ostream<char,std::char_traits<char>>::operator <<(unsigned short)'
C:\Program Files (x86)\Microsoft Visual Studio\2019\Community\VC\Tools\MSVC\14.29.30133\include\ostream(215,39): message : or       'std::basic_ostream<char,std::char_traits<char>> &std::basic_ostream<char,std::char_traits<char>>::operator <<(short)'
C:\Program Files (x86)\Microsoft Visual Studio\2019\Community\VC\Tools\MSVC\14.29.30133\include\ostream(197,39): message : or       'std::basic_ostream<char,std::char_traits<char>> &std::basic_ostream<char,std::char_traits<char>>::operator <<(bool)'
C:\Program Files (x86)\Microsoft Visual Studio\2019\Community\VC\Tools\MSVC\14.29.30133\include\ostream(192,39): message : or       'std::basic_ostream<char,std::char_traits<char>> &std::basic_ostream<char,std::char_traits<char>>::operator <<(std::ios_base &(__cdecl *)(std::ios_base &))'
C:\Program Files (x86)\Microsoft Visual Studio\2019\Community\VC\Tools\MSVC\14.29.30133\include\ostream(187,39): message : or       'std::basic_ostream<char,std::char_traits<char>> &std::basic_ostream<char,std::char_traits<char>>::operator <<(std::basic_ios<char,std::char_traits<char>> &(__cdecl *)(std::basic_ios<char,std::char_traits<char>> &))'
C:\Program Files (x86)\Microsoft Visual Studio\2019\Community\VC\Tools\MSVC\14.29.30133\include\ostream(182,39): message : or       'std::basic_ostream<char,std::char_traits<char>> &std::basic_ostream<char,std::char_traits<char>>::operator <<(std::basic_ostream<char,std::char_traits<char>> &(__cdecl *)(std::basic_ostream<char,std::char_traits<char>> &))'
C:\Users\Toan\OneDrive - VNU-HCMUS\HCMUS\HK2\ProgrammingTechniques\Project\Code\22CLC02-ProgrammingTechniques-Group01\TESTING WINFORM\CMS\export.cpp(17,61): message : while trying to match the argument list '(std::basic_ostream<char,std::char_traits<char>>, System::String ^)'
C:\Users\Toan\OneDrive - VNU-HCMUS\HCMUS\HK2\ProgrammingTechniques\Project\Code\22CLC02-ProgrammingTechniques-Group01\TESTING WINFORM\CMS\export.cpp(19,43): error C2664: 'System::String ^DateToString(GROUP1::DATE)': cannot convert argument 1 from 'GROUP1::DATE *' to 'GROUP1::DATE'
C:\Users\Toan\OneDrive - VNU-HCMUS\HCMUS\HK2\ProgrammingTechniques\Project\Code\22CLC02-ProgrammingTechniques-Group01\TESTING WINFORM\CMS\export.cpp(19,38): message : No user-defined-conversion operator available that can perform this conversion, or the operator cannot be called
C:\Users\Toan\OneDrive - VNU-HCMUS\HCMUS\HK2\ProgrammingTechniques\Project\Code\22CLC02-ProgrammingTechniques-Group01\TESTING WINFORM\CMS\header.h(160,17): message : see declaration of 'DateToString'
C:\Users\Toan\OneDrive - VNU-HCMUS\HCMUS\HK2\ProgrammingTechniques\Project\Code\22CLC02-ProgrammingTechniques-Group01\TESTING WINFORM\CMS\export.cpp(20,38): error C2679: binary '<<': no operator found which takes a right-hand operand of type 'System::String ^' (or there is no acceptable conversion)
C:\Program Files (x86)\Microsoft Visual Studio\2019\Community\VC\Tools\MSVC\14.29.30133\include\ostream(464,39): message : could be 'std::basic_ostream<char,std::char_traits<char>> &std::basic_ostream<char,std::char_traits<char>>::operator <<(std::basic_streambuf<char,std::char_traits<char>> *)'
C:\Program Files (x86)\Microsoft Visual Studio\2019\Community\VC\Tools\MSVC\14.29.30133\include\ostream(439,39): message : or       'std::basic_ostream<char,std::char_traits<char>> &std::basic_ostream<char,std::char_traits<char>>::operator <<(const void *)'
C:\Program Files (x86)\Microsoft Visual Studio\2019\Community\VC\Tools\MSVC\14.29.30133\include\ostream(421,39): message : or       'std::basic_ostream<char,std::char_traits<char>> &std::basic_ostream<char,std::char_traits<char>>::operator <<(long double)'
C:\Program Files (x86)\Microsoft Visual Studio\2019\Community\VC\Tools\MSVC\14.29.30133\include\ostream(403,39): message : or       'std::basic_ostream<char,std::char_traits<char>> &std::basic_ostream<char,std::char_traits<char>>::operator <<(double)'
C:\Program Files (x86)\Microsoft Visual Studio\2019\Community\VC\Tools\MSVC\14.29.30133\include\ostream(385,39): message : or       'std::basic_ostream<char,std::char_traits<char>> &std::basic_ostream<char,std::char_traits<char>>::operator <<(float)'
C:\Program Files (x86)\Microsoft Visual Studio\2019\Community\VC\Tools\MSVC\14.29.30133\include\ostream(367,39): message : or       'std::basic_ostream<char,std::char_traits<char>> &std::basic_ostream<char,std::char_traits<char>>::operator <<(unsigned __int64)'
C:\Program Files (x86)\Microsoft Visual Studio\2019\Community\VC\Tools\MSVC\14.29.30133\include\ostream(349,39): message : or       'std::basic_ostream<char,std::char_traits<char>> &std::basic_ostream<char,std::char_traits<char>>::operator <<(__int64)'
C:\Program Files (x86)\Microsoft Visual Studio\2019\Community\VC\Tools\MSVC\14.29.30133\include\ostream(331,39): message : or       'std::basic_ostream<char,std::char_traits<char>> &std::basic_ostream<char,std::char_traits<char>>::operator <<(unsigned long)'
C:\Program Files (x86)\Microsoft Visual Studio\2019\Community\VC\Tools\MSVC\14.29.30133\include\ostream(313,39): message : or       'std::basic_ostream<char,std::char_traits<char>> &std::basic_ostream<char,std::char_traits<char>>::operator <<(long)'
C:\Program Files (x86)\Microsoft Visual Studio\2019\Community\VC\Tools\MSVC\14.29.30133\include\ostream(294,39): message : or       'std::basic_ostream<char,std::char_traits<char>> &std::basic_ostream<char,std::char_traits<char>>::operator <<(unsigned int)'
C:\Program Files (x86)\Microsoft Visual Studio\2019\Community\VC\Tools\MSVC\14.29.30133\include\ostream(268,39): message : or       'std::basic_ostream<char,std::char_traits<char>> &std::basic_ostream<char,std::char_traits<char>>::operator <<(int)'
C:\Program Files (x86)\Microsoft Visual Studio\2019\Community\VC\Tools\MSVC\14.29.30133\include\ostream(249,39): message : or       'std::basic_ostream<char,std::char_traits<char>> &std::basic_ostream<char,std::char_traits<char>>::operator <<(unsigned short)'
C:\Program Files (x86)\Microsoft Visual Studio\2019\Community\VC\Tools\MSVC\14.29.30133\include\ostream(215,39): message : or       'std::basic_ostream<char,std::char_traits<char>> &std::basic_ostream<char,std::char_traits<char>>::operator <<(short)'
C:\Program Files (x86)\Microsoft Visual Studio\2019\Community\VC\Tools\MSVC\14.29.30133\include\ostream(197,39): message : or       'std::basic_ostream<char,std::char_traits<char>> &std::basic_ostream<char,std::char_traits<char>>::operator <<(bool)'
C:\Program Files (x86)\Microsoft Visual Studio\2019\Community\VC\Tools\MSVC\14.29.30133\include\ostream(192,39): message : or       'std::basic_ostream<char,std::char_traits<char>> &std::basic_ostream<char,std::char_traits<char>>::operator <<(std::ios_base &(__cdecl *)(std::ios_base &))'
C:\Program Files (x86)\Microsoft Visual Studio\2019\Community\VC\Tools\MSVC\14.29.30133\include\ostream(187,39): message : or       'std::basic_ostream<char,std::char_traits<char>> &std::basic_ostream<char,std::char_traits<char>>::operator <<(std::basic_ios<char,std::char_traits<char>> &(__cdecl *)(std::basic_ios<char,std::char_traits<char>> &))'
C:\Program Files (x86)\Microsoft Visual Studio\2019\Community\VC\Tools\MSVC\14.29.30133\include\ostream(182,39): message : or       'std::basic_ostream<char,std::char_traits<char>> &std::basic_ostream<char,std::char_traits<char>>::operator <<(std::basic_ostream<char,std::char_traits<char>> &(__cdecl *)(std::basic_ostream<char,std::char_traits<char>> &))'
C:\Users\Toan\OneDrive - VNU-HCMUS\HCMUS\HK2\ProgrammingTechniques\Project\Code\22CLC02-ProgrammingTechniques-Group01\TESTING WINFORM\CMS\export.cpp(20,38): message : while trying to match the argument list '(std::ofstream, System::String ^)'
C:\Users\Toan\OneDrive - VNU-HCMUS\HCMUS\HK2\ProgrammingTechniques\Project\Code\22CLC02-ProgrammingTechniques-Group01\TESTING WINFORM\CMS\export.cpp(21,57): error C2679: binary '<<': no operator found which takes a right-hand operand of type 'System::String ^' (or there is no acceptable conversion)
C:\Program Files (x86)\Microsoft Visual Studio\2019\Community\VC\Tools\MSVC\14.29.30133\include\ostream(464,39): message : could be 'std::basic_ostream<char,std::char_traits<char>> &std::basic_ostream<char,std::char_traits<char>>::operator <<(std::basic_streambuf<char,std::char_traits<char>> *)'
C:\Program Files (x86)\Microsoft Visual Studio\2019\Community\VC\Tools\MSVC\14.29.30133\include\ostream(439,39): message : or       'std::basic_ostream<char,std::char_traits<char>> &std::basic_ostream<char,std::char_traits<char>>::operator <<(const void *)'
C:\Program Files (x86)\Microsoft Visual Studio\2019\Community\VC\Tools\MSVC\14.29.30133\include\ostream(421,39): message : or       'std::basic_ostream<char,std::char_traits<char>> &std::basic_ostream<char,std::char_traits<char>>::operator <<(long double)'
C:\Program Files (x86)\Microsoft Visual Studio\2019\Community\VC\Tools\MSVC\14.29.30133\include\ostream(403,39): message : or       'std::basic_ostream<char,std::char_traits<char>> &std::basic_ostream<char,std::char_traits<char>>::operator <<(double)'
C:\Program Files (x86)\Microsoft Visual Studio\2019\Community\VC\Tools\MSVC\14.29.30133\include\ostream(385,39): message : or       'std::basic_ostream<char,std::char_traits<char>> &std::basic_ostream<char,std::char_traits<char>>::operator <<(float)'
C:\Program Files (x86)\Microsoft Visual Studio\2019\Community\VC\Tools\MSVC\14.29.30133\include\ostream(367,39): message : or       'std::basic_ostream<char,std::char_traits<char>> &std::basic_ostream<char,std::char_traits<char>>::operator <<(unsigned __int64)'
C:\Program Files (x86)\Microsoft Visual Studio\2019\Community\VC\Tools\MSVC\14.29.30133\include\ostream(349,39): message : or       'std::basic_ostream<char,std::char_traits<char>> &std::basic_ostream<char,std::char_traits<char>>::operator <<(__int64)'
C:\Program Files (x86)\Microsoft Visual Studio\2019\Community\VC\Tools\MSVC\14.29.30133\include\ostream(331,39): message : or       'std::basic_ostream<char,std::char_traits<char>> &std::basic_ostream<char,std::char_traits<char>>::operator <<(unsigned long)'
C:\Program Files (x86)\Microsoft Visual Studio\2019\Community\VC\Tools\MSVC\14.29.30133\include\ostream(313,39): message : or       'std::basic_ostream<char,std::char_traits<char>> &std::basic_ostream<char,std::char_traits<char>>::operator <<(long)'
C:\Program Files (x86)\Microsoft Visual Studio\2019\Community\VC\Tools\MSVC\14.29.30133\include\ostream(294,39): message : or       'std::basic_ostream<char,std::char_traits<char>> &std::basic_ostream<char,std::char_traits<char>>::operator <<(unsigned int)'
C:\Program Files (x86)\Microsoft Visual Studio\2019\Community\VC\Tools\MSVC\14.29.30133\include\ostream(268,39): message : or       'std::basic_ostream<char,std::char_traits<char>> &std::basic_ostream<char,std::char_traits<char>>::operator <<(int)'
C:\Program Files (x86)\Microsoft Visual Studio\2019\Community\VC\Tools\MSVC\14.29.30133\include\ostream(249,39): message : or       'std::basic_ostream<char,std::char_traits<char>> &std::basic_ostream<char,std::char_traits<char>>::operator <<(unsigned short)'
C:\Program Files (x86)\Microsoft Visual Studio\2019\Community\VC\Tools\MSVC\14.29.30133\include\ostream(215,39): message : or       'std::basic_ostream<char,std::char_traits<char>> &std::basic_ostream<char,std::char_traits<char>>::operator <<(short)'
C:\Program Files (x86)\Microsoft Visual Studio\2019\Community\VC\Tools\MSVC\14.29.30133\include\ostream(197,39): message : or       'std::basic_ostream<char,std::char_traits<char>> &std::basic_ostream<char,std::char_traits<char>>::operator <<(bool)'
C:\Program Files (x86)\Microsoft Visual Studio\2019\Community\VC\Tools\MSVC\14.29.30133\include\ostream(192,39): message : or       'std::basic_ostream<char,std::char_traits<char>> &std::basic_ostream<char,std::char_traits<char>>::operator <<(std::ios_base &(__cdecl *)(std::ios_base &))'
C:\Program Files (x86)\Microsoft Visual Studio\2019\Community\VC\Tools\MSVC\14.29.30133\include\ostream(187,39): message : or       'std::basic_ostream<char,std::char_traits<char>> &std::basic_ostream<char,std::char_traits<char>>::operator <<(std::basic_ios<char,std::char_traits<char>> &(__cdecl *)(std::basic_ios<char,std::char_traits<char>> &))'
C:\Program Files (x86)\Microsoft Visual Studio\2019\Community\VC\Tools\MSVC\14.29.30133\include\ostream(182,39): message : or       'std::basic_ostream<char,std::char_traits<char>> &std::basic_ostream<char,std::char_traits<char>>::operator <<(std::basic_ostream<char,std::char_traits<char>> &(__cdecl *)(std::basic_ostream<char,std::char_traits<char>> &))'
C:\Users\Toan\OneDrive - VNU-HCMUS\HCMUS\HK2\ProgrammingTechniques\Project\Code\22CLC02-ProgrammingTechniques-Group01\TESTING WINFORM\CMS\export.cpp(21,57): message : while trying to match the argument list '(std::ofstream, System::String ^)'
C:\Users\Toan\OneDrive - VNU-HCMUS\HCMUS\HK2\ProgrammingTechniques\Project\Code\22CLC02-ProgrammingTechniques-Group01\TESTING WINFORM\CMS\header.h(43,1): error C3446: 'GROUP1::DLL<Data_Type>::prev': a default member initializer is not allowed for a member of a value class
          with
          [
              Data_Type=GROUP1::STAFF *
          ]
C:\Users\Toan\OneDrive - VNU-HCMUS\HCMUS\HK2\ProgrammingTechniques\Project\Code\22CLC02-ProgrammingTechniques-Group01\TESTING WINFORM\CMS\export.cpp(45): message : see reference to class template instantiation 'GROUP1::DLL<Data_Type>' being compiled
          with
          [
              Data_Type=GROUP1::STAFF *
          ]
C:\Users\Toan\OneDrive - VNU-HCMUS\HCMUS\HK2\ProgrammingTechniques\Project\Code\22CLC02-ProgrammingTechniques-Group01\TESTING WINFORM\CMS\header.h(43,41): error C3446: 'GROUP1::DLL<Data_Type>::next': a default member initializer is not allowed for a member of a value class
          with
          [
              Data_Type=GROUP1::STAFF *
          ]
C:\Users\Toan\OneDrive - VNU-HCMUS\HCMUS\HK2\ProgrammingTechniques\Project\Code\22CLC02-ProgrammingTechniques-Group01\TESTING WINFORM\CMS\export.cpp(46,41): error C2679: binary '<<': no operator found which takes a right-hand operand of type 'System::String ^' (or there is no acceptable conversion)
C:\Program Files (x86)\Microsoft Visual Studio\2019\Community\VC\Tools\MSVC\14.29.30133\include\ostream(464,39): message : could be 'std::basic_ostream<char,std::char_traits<char>> &std::basic_ostream<char,std::char_traits<char>>::operator <<(std::basic_streambuf<char,std::char_traits<char>> *)'
C:\Program Files (x86)\Microsoft Visual Studio\2019\Community\VC\Tools\MSVC\14.29.30133\include\ostream(439,39): message : or       'std::basic_ostream<char,std::char_traits<char>> &std::basic_ostream<char,std::char_traits<char>>::operator <<(const void *)'
C:\Program Files (x86)\Microsoft Visual Studio\2019\Community\VC\Tools\MSVC\14.29.30133\include\ostream(421,39): message : or       'std::basic_ostream<char,std::char_traits<char>> &std::basic_ostream<char,std::char_traits<char>>::operator <<(long double)'
C:\Program Files (x86)\Microsoft Visual Studio\2019\Community\VC\Tools\MSVC\14.29.30133\include\ostream(403,39): message : or       'std::basic_ostream<char,std::char_traits<char>> &std::basic_ostream<char,std::char_traits<char>>::operator <<(double)'
C:\Program Files (x86)\Microsoft Visual Studio\2019\Community\VC\Tools\MSVC\14.29.30133\include\ostream(385,39): message : or       'std::basic_ostream<char,std::char_traits<char>> &std::basic_ostream<char,std::char_traits<char>>::operator <<(float)'
C:\Program Files (x86)\Microsoft Visual Studio\2019\Community\VC\Tools\MSVC\14.29.30133\include\ostream(367,39): message : or       'std::basic_ostream<char,std::char_traits<char>> &std::basic_ostream<char,std::char_traits<char>>::operator <<(unsigned __int64)'
C:\Program Files (x86)\Microsoft Visual Studio\2019\Community\VC\Tools\MSVC\14.29.30133\include\ostream(349,39): message : or       'std::basic_ostream<char,std::char_traits<char>> &std::basic_ostream<char,std::char_traits<char>>::operator <<(__int64)'
C:\Program Files (x86)\Microsoft Visual Studio\2019\Community\VC\Tools\MSVC\14.29.30133\include\ostream(331,39): message : or       'std::basic_ostream<char,std::char_traits<char>> &std::basic_ostream<char,std::char_traits<char>>::operator <<(unsigned long)'
C:\Program Files (x86)\Microsoft Visual Studio\2019\Community\VC\Tools\MSVC\14.29.30133\include\ostream(313,39): message : or       'std::basic_ostream<char,std::char_traits<char>> &std::basic_ostream<char,std::char_traits<char>>::operator <<(long)'
C:\Program Files (x86)\Microsoft Visual Studio\2019\Community\VC\Tools\MSVC\14.29.30133\include\ostream(294,39): message : or       'std::basic_ostream<char,std::char_traits<char>> &std::basic_ostream<char,std::char_traits<char>>::operator <<(unsigned int)'
C:\Program Files (x86)\Microsoft Visual Studio\2019\Community\VC\Tools\MSVC\14.29.30133\include\ostream(268,39): message : or       'std::basic_ostream<char,std::char_traits<char>> &std::basic_ostream<char,std::char_traits<char>>::operator <<(int)'
C:\Program Files (x86)\Microsoft Visual Studio\2019\Community\VC\Tools\MSVC\14.29.30133\include\ostream(249,39): message : or       'std::basic_ostream<char,std::char_traits<char>> &std::basic_ostream<char,std::char_traits<char>>::operator <<(unsigned short)'
C:\Program Files (x86)\Microsoft Visual Studio\2019\Community\VC\Tools\MSVC\14.29.30133\include\ostream(215,39): message : or       'std::basic_ostream<char,std::char_traits<char>> &std::basic_ostream<char,std::char_traits<char>>::operator <<(short)'
C:\Program Files (x86)\Microsoft Visual Studio\2019\Community\VC\Tools\MSVC\14.29.30133\include\ostream(197,39): message : or       'std::basic_ostream<char,std::char_traits<char>> &std::basic_ostream<char,std::char_traits<char>>::operator <<(bool)'
C:\Program Files (x86)\Microsoft Visual Studio\2019\Community\VC\Tools\MSVC\14.29.30133\include\ostream(192,39): message : or       'std::basic_ostream<char,std::char_traits<char>> &std::basic_ostream<char,std::char_traits<char>>::operator <<(std::ios_base &(__cdecl *)(std::ios_base &))'
C:\Program Files (x86)\Microsoft Visual Studio\2019\Community\VC\Tools\MSVC\14.29.30133\include\ostream(187,39): message : or       'std::basic_ostream<char,std::char_traits<char>> &std::basic_ostream<char,std::char_traits<char>>::operator <<(std::basic_ios<char,std::char_traits<char>> &(__cdecl *)(std::basic_ios<char,std::char_traits<char>> &))'
C:\Program Files (x86)\Microsoft Visual Studio\2019\Community\VC\Tools\MSVC\14.29.30133\include\ostream(182,39): message : or       'std::basic_ostream<char,std::char_traits<char>> &std::basic_ostream<char,std::char_traits<char>>::operator <<(std::basic_ostream<char,std::char_traits<char>> &(__cdecl *)(std::basic_ostream<char,std::char_traits<char>> &))'
C:\Users\Toan\OneDrive - VNU-HCMUS\HCMUS\HK2\ProgrammingTechniques\Project\Code\22CLC02-ProgrammingTechniques-Group01\TESTING WINFORM\CMS\export.cpp(46,41): message : while trying to match the argument list '(std::ofstream, System::String ^)'
C:\Users\Toan\OneDrive - VNU-HCMUS\HCMUS\HK2\ProgrammingTechniques\Project\Code\22CLC02-ProgrammingTechniques-Group01\TESTING WINFORM\CMS\header.h(43,1): error C3446: 'GROUP1::DLL<Data_Type>::prev': a default member initializer is not allowed for a member of a value class
          with
          [
              Data_Type=GROUP1::CLASS
          ]
C:\Users\Toan\OneDrive - VNU-HCMUS\HCMUS\HK2\ProgrammingTechniques\Project\Code\22CLC02-ProgrammingTechniques-Group01\TESTING WINFORM\CMS\export.cpp(69): message : see reference to class template instantiation 'GROUP1::DLL<Data_Type>' being compiled
          with
          [
              Data_Type=GROUP1::CLASS
          ]
C:\Users\Toan\OneDrive - VNU-HCMUS\HCMUS\HK2\ProgrammingTechniques\Project\Code\22CLC02-ProgrammingTechniques-Group01\TESTING WINFORM\CMS\header.h(43,41): error C3446: 'GROUP1::DLL<Data_Type>::next': a default member initializer is not allowed for a member of a value class
          with
          [
              Data_Type=GROUP1::CLASS
          ]
C:\Users\Toan\OneDrive - VNU-HCMUS\HCMUS\HK2\ProgrammingTechniques\Project\Code\22CLC02-ProgrammingTechniques-Group01\TESTING WINFORM\CMS\header.h(42,19): error C4368: cannot define 'data' as a member of managed 'GROUP1::DLL<Data_Type>': mixed types are not supported
          with
          [
              Data_Type=GROUP1::CLASS
          ]
C:\Users\Toan\OneDrive - VNU-HCMUS\HCMUS\HK2\ProgrammingTechniques\Project\Code\22CLC02-ProgrammingTechniques-Group01\TESTING WINFORM\CMS\export.cpp(71,48): error C2679: binary '<<': no operator found which takes a right-hand operand of type 'System::String ^' (or there is no acceptable conversion)
C:\Program Files (x86)\Microsoft Visual Studio\2019\Community\VC\Tools\MSVC\14.29.30133\include\ostream(464,39): message : could be 'std::basic_ostream<char,std::char_traits<char>> &std::basic_ostream<char,std::char_traits<char>>::operator <<(std::basic_streambuf<char,std::char_traits<char>> *)'
C:\Program Files (x86)\Microsoft Visual Studio\2019\Community\VC\Tools\MSVC\14.29.30133\include\ostream(439,39): message : or       'std::basic_ostream<char,std::char_traits<char>> &std::basic_ostream<char,std::char_traits<char>>::operator <<(const void *)'
C:\Program Files (x86)\Microsoft Visual Studio\2019\Community\VC\Tools\MSVC\14.29.30133\include\ostream(421,39): message : or       'std::basic_ostream<char,std::char_traits<char>> &std::basic_ostream<char,std::char_traits<char>>::operator <<(long double)'
C:\Program Files (x86)\Microsoft Visual Studio\2019\Community\VC\Tools\MSVC\14.29.30133\include\ostream(403,39): message : or       'std::basic_ostream<char,std::char_traits<char>> &std::basic_ostream<char,std::char_traits<char>>::operator <<(double)'
C:\Program Files (x86)\Microsoft Visual Studio\2019\Community\VC\Tools\MSVC\14.29.30133\include\ostream(385,39): message : or       'std::basic_ostream<char,std::char_traits<char>> &std::basic_ostream<char,std::char_traits<char>>::operator <<(float)'
C:\Program Files (x86)\Microsoft Visual Studio\2019\Community\VC\Tools\MSVC\14.29.30133\include\ostream(367,39): message : or       'std::basic_ostream<char,std::char_traits<char>> &std::basic_ostream<char,std::char_traits<char>>::operator <<(unsigned __int64)'
C:\Program Files (x86)\Microsoft Visual Studio\2019\Community\VC\Tools\MSVC\14.29.30133\include\ostream(349,39): message : or       'std::basic_ostream<char,std::char_traits<char>> &std::basic_ostream<char,std::char_traits<char>>::operator <<(__int64)'
C:\Program Files (x86)\Microsoft Visual Studio\2019\Community\VC\Tools\MSVC\14.29.30133\include\ostream(331,39): message : or       'std::basic_ostream<char,std::char_traits<char>> &std::basic_ostream<char,std::char_traits<char>>::operator <<(unsigned long)'
C:\Program Files (x86)\Microsoft Visual Studio\2019\Community\VC\Tools\MSVC\14.29.30133\include\ostream(313,39): message : or       'std::basic_ostream<char,std::char_traits<char>> &std::basic_ostream<char,std::char_traits<char>>::operator <<(long)'
C:\Program Files (x86)\Microsoft Visual Studio\2019\Community\VC\Tools\MSVC\14.29.30133\include\ostream(294,39): message : or       'std::basic_ostream<char,std::char_traits<char>> &std::basic_ostream<char,std::char_traits<char>>::operator <<(unsigned int)'
C:\Program Files (x86)\Microsoft Visual Studio\2019\Community\VC\Tools\MSVC\14.29.30133\include\ostream(268,39): message : or       'std::basic_ostream<char,std::char_traits<char>> &std::basic_ostream<char,std::char_traits<char>>::operator <<(int)'
C:\Program Files (x86)\Microsoft Visual Studio\2019\Community\VC\Tools\MSVC\14.29.30133\include\ostream(249,39): message : or       'std::basic_ostream<char,std::char_traits<char>> &std::basic_ostream<char,std::char_traits<char>>::operator <<(unsigned short)'
C:\Program Files (x86)\Microsoft Visual Studio\2019\Community\VC\Tools\MSVC\14.29.30133\include\ostream(215,39): message : or       'std::basic_ostream<char,std::char_traits<char>> &std::basic_ostream<char,std::char_traits<char>>::operator <<(short)'
C:\Program Files (x86)\Microsoft Visual Studio\2019\Community\VC\Tools\MSVC\14.29.30133\include\ostream(197,39): message : or       'std::basic_ostream<char,std::char_traits<char>> &std::basic_ostream<char,std::char_traits<char>>::operator <<(bool)'
C:\Program Files (x86)\Microsoft Visual Studio\2019\Community\VC\Tools\MSVC\14.29.30133\include\ostream(192,39): message : or       'std::basic_ostream<char,std::char_traits<char>> &std::basic_ostream<char,std::char_traits<char>>::operator <<(std::ios_base &(__cdecl *)(std::ios_base &))'
C:\Program Files (x86)\Microsoft Visual Studio\2019\Community\VC\Tools\MSVC\14.29.30133\include\ostream(187,39): message : or       'std::basic_ostream<char,std::char_traits<char>> &std::basic_ostream<char,std::char_traits<char>>::operator <<(std::basic_ios<char,std::char_traits<char>> &(__cdecl *)(std::basic_ios<char,std::char_traits<char>> &))'
C:\Program Files (x86)\Microsoft Visual Studio\2019\Community\VC\Tools\MSVC\14.29.30133\include\ostream(182,39): message : or       'std::basic_ostream<char,std::char_traits<char>> &std::basic_ostream<char,std::char_traits<char>>::operator <<(std::basic_ostream<char,std::char_traits<char>> &(__cdecl *)(std::basic_ostream<char,std::char_traits<char>> &))'
C:\Users\Toan\OneDrive - VNU-HCMUS\HCMUS\HK2\ProgrammingTechniques\Project\Code\22CLC02-ProgrammingTechniques-Group01\TESTING WINFORM\CMS\export.cpp(71,48): message : while trying to match the argument list '(std::ofstream, System::String ^)'
C:\Users\Toan\OneDrive - VNU-HCMUS\HCMUS\HK2\ProgrammingTechniques\Project\Code\22CLC02-ProgrammingTechniques-Group01\TESTING WINFORM\CMS\export.cpp(88,91): error C2664: 'std::basic_ofstream<char,std::char_traits<char>>::basic_ofstream(const char *,std::ios_base::openmode,int)': cannot convert argument 1 from 'System::String ^' to 'const char *'
C:\Users\Toan\OneDrive - VNU-HCMUS\HCMUS\HK2\ProgrammingTechniques\Project\Code\22CLC02-ProgrammingTechniques-Group01\TESTING WINFORM\CMS\export.cpp(88,91): message : No user-defined-conversion operator available, or
C:\Users\Toan\OneDrive - VNU-HCMUS\HCMUS\HK2\ProgrammingTechniques\Project\Code\22CLC02-ProgrammingTechniques-Group01\TESTING WINFORM\CMS\export.cpp(88): message : Cannot convert a managed type to a native type
C:\Program Files (x86)\Microsoft Visual Studio\2019\Community\VC\Tools\MSVC\14.29.30133\include\fstream(997,5): message : see declaration of 'std::basic_ofstream<char,std::char_traits<char>>::basic_ofstream'
C:\Users\Toan\OneDrive - VNU-HCMUS\HCMUS\HK2\ProgrammingTechniques\Project\Code\22CLC02-ProgrammingTechniques-Group01\TESTING WINFORM\CMS\header.h(43,1): error C3446: 'GROUP1::DLL<Data_Type>::prev': a default member initializer is not allowed for a member of a value class
          with
          [
              Data_Type=GROUP1::SCOREBOARD *
          ]
C:\Users\Toan\OneDrive - VNU-HCMUS\HCMUS\HK2\ProgrammingTechniques\Project\Code\22CLC02-ProgrammingTechniques-Group01\TESTING WINFORM\CMS\export.cpp(95): message : see reference to class template instantiation 'GROUP1::DLL<Data_Type>' being compiled
          with
          [
              Data_Type=GROUP1::SCOREBOARD *
          ]
C:\Users\Toan\OneDrive - VNU-HCMUS\HCMUS\HK2\ProgrammingTechniques\Project\Code\22CLC02-ProgrammingTechniques-Group01\TESTING WINFORM\CMS\header.h(43,41): error C3446: 'GROUP1::DLL<Data_Type>::next': a default member initializer is not allowed for a member of a value class
          with
          [
              Data_Type=GROUP1::SCOREBOARD *
          ]
C:\Users\Toan\OneDrive - VNU-HCMUS\HCMUS\HK2\ProgrammingTechniques\Project\Code\22CLC02-ProgrammingTechniques-Group01\TESTING WINFORM\CMS\export.cpp(95,46): error C2679: binary '<<': no operator found which takes a right-hand operand of type 'System::String ^' (or there is no acceptable conversion)
C:\Program Files (x86)\Microsoft Visual Studio\2019\Community\VC\Tools\MSVC\14.29.30133\include\ostream(464,39): message : could be 'std::basic_ostream<char,std::char_traits<char>> &std::basic_ostream<char,std::char_traits<char>>::operator <<(std::basic_streambuf<char,std::char_traits<char>> *)'
C:\Program Files (x86)\Microsoft Visual Studio\2019\Community\VC\Tools\MSVC\14.29.30133\include\ostream(439,39): message : or       'std::basic_ostream<char,std::char_traits<char>> &std::basic_ostream<char,std::char_traits<char>>::operator <<(const void *)'
C:\Program Files (x86)\Microsoft Visual Studio\2019\Community\VC\Tools\MSVC\14.29.30133\include\ostream(421,39): message : or       'std::basic_ostream<char,std::char_traits<char>> &std::basic_ostream<char,std::char_traits<char>>::operator <<(long double)'
C:\Program Files (x86)\Microsoft Visual Studio\2019\Community\VC\Tools\MSVC\14.29.30133\include\ostream(403,39): message : or       'std::basic_ostream<char,std::char_traits<char>> &std::basic_ostream<char,std::char_traits<char>>::operator <<(double)'
C:\Program Files (x86)\Microsoft Visual Studio\2019\Community\VC\Tools\MSVC\14.29.30133\include\ostream(385,39): message : or       'std::basic_ostream<char,std::char_traits<char>> &std::basic_ostream<char,std::char_traits<char>>::operator <<(float)'
C:\Program Files (x86)\Microsoft Visual Studio\2019\Community\VC\Tools\MSVC\14.29.30133\include\ostream(367,39): message : or       'std::basic_ostream<char,std::char_traits<char>> &std::basic_ostream<char,std::char_traits<char>>::operator <<(unsigned __int64)'
C:\Program Files (x86)\Microsoft Visual Studio\2019\Community\VC\Tools\MSVC\14.29.30133\include\ostream(349,39): message : or       'std::basic_ostream<char,std::char_traits<char>> &std::basic_ostream<char,std::char_traits<char>>::operator <<(__int64)'
C:\Program Files (x86)\Microsoft Visual Studio\2019\Community\VC\Tools\MSVC\14.29.30133\include\ostream(331,39): message : or       'std::basic_ostream<char,std::char_traits<char>> &std::basic_ostream<char,std::char_traits<char>>::operator <<(unsigned long)'
C:\Program Files (x86)\Microsoft Visual Studio\2019\Community\VC\Tools\MSVC\14.29.30133\include\ostream(313,39): message : or       'std::basic_ostream<char,std::char_traits<char>> &std::basic_ostream<char,std::char_traits<char>>::operator <<(long)'
C:\Program Files (x86)\Microsoft Visual Studio\2019\Community\VC\Tools\MSVC\14.29.30133\include\ostream(294,39): message : or       'std::basic_ostream<char,std::char_traits<char>> &std::basic_ostream<char,std::char_traits<char>>::operator <<(unsigned int)'
C:\Program Files (x86)\Microsoft Visual Studio\2019\Community\VC\Tools\MSVC\14.29.30133\include\ostream(268,39): message : or       'std::basic_ostream<char,std::char_traits<char>> &std::basic_ostream<char,std::char_traits<char>>::operator <<(int)'
C:\Program Files (x86)\Microsoft Visual Studio\2019\Community\VC\Tools\MSVC\14.29.30133\include\ostream(249,39): message : or       'std::basic_ostream<char,std::char_traits<char>> &std::basic_ostream<char,std::char_traits<char>>::operator <<(unsigned short)'
C:\Program Files (x86)\Microsoft Visual Studio\2019\Community\VC\Tools\MSVC\14.29.30133\include\ostream(215,39): message : or       'std::basic_ostream<char,std::char_traits<char>> &std::basic_ostream<char,std::char_traits<char>>::operator <<(short)'
C:\Program Files (x86)\Microsoft Visual Studio\2019\Community\VC\Tools\MSVC\14.29.30133\include\ostream(197,39): message : or       'std::basic_ostream<char,std::char_traits<char>> &std::basic_ostream<char,std::char_traits<char>>::operator <<(bool)'
C:\Program Files (x86)\Microsoft Visual Studio\2019\Community\VC\Tools\MSVC\14.29.30133\include\ostream(192,39): message : or       'std::basic_ostream<char,std::char_traits<char>> &std::basic_ostream<char,std::char_traits<char>>::operator <<(std::ios_base &(__cdecl *)(std::ios_base &))'
C:\Program Files (x86)\Microsoft Visual Studio\2019\Community\VC\Tools\MSVC\14.29.30133\include\ostream(187,39): message : or       'std::basic_ostream<char,std::char_traits<char>> &std::basic_ostream<char,std::char_traits<char>>::operator <<(std::basic_ios<char,std::char_traits<char>> &(__cdecl *)(std::basic_ios<char,std::char_traits<char>> &))'
C:\Program Files (x86)\Microsoft Visual Studio\2019\Community\VC\Tools\MSVC\14.29.30133\include\ostream(182,39): message : or       'std::basic_ostream<char,std::char_traits<char>> &std::basic_ostream<char,std::char_traits<char>>::operator <<(std::basic_ostream<char,std::char_traits<char>> &(__cdecl *)(std::basic_ostream<char,std::char_traits<char>> &))'
C:\Users\Toan\OneDrive - VNU-HCMUS\HCMUS\HK2\ProgrammingTechniques\Project\Code\22CLC02-ProgrammingTechniques-Group01\TESTING WINFORM\CMS\export.cpp(95,46): message : while trying to match the argument list '(std::ofstream, System::String ^)'
C:\Users\Toan\OneDrive - VNU-HCMUS\HCMUS\HK2\ProgrammingTechniques\Project\Code\22CLC02-ProgrammingTechniques-Group01\TESTING WINFORM\CMS\header.h(43,1): error C3446: 'GROUP1::DLL<Data_Type>::prev': a default member initializer is not allowed for a member of a value class
          with
          [
              Data_Type=GROUP1::COURSE *
          ]
C:\Users\Toan\OneDrive - VNU-HCMUS\HCMUS\HK2\ProgrammingTechniques\Project\Code\22CLC02-ProgrammingTechniques-Group01\TESTING WINFORM\CMS\export.cpp(114): message : see reference to class template instantiation 'GROUP1::DLL<Data_Type>' being compiled
          with
          [
              Data_Type=GROUP1::COURSE *
          ]
C:\Users\Toan\OneDrive - VNU-HCMUS\HCMUS\HK2\ProgrammingTechniques\Project\Code\22CLC02-ProgrammingTechniques-Group01\TESTING WINFORM\CMS\header.h(43,41): error C3446: 'GROUP1::DLL<Data_Type>::next': a default member initializer is not allowed for a member of a value class
          with
          [
              Data_Type=GROUP1::COURSE *
          ]
C:\Users\Toan\OneDrive - VNU-HCMUS\HCMUS\HK2\ProgrammingTechniques\Project\Code\22CLC02-ProgrammingTechniques-Group01\TESTING WINFORM\CMS\export.cpp(114,30): error C2679: binary '<<': no operator found which takes a right-hand operand of type 'System::String ^' (or there is no acceptable conversion)
C:\Program Files (x86)\Microsoft Visual Studio\2019\Community\VC\Tools\MSVC\14.29.30133\include\ostream(464,39): message : could be 'std::basic_ostream<char,std::char_traits<char>> &std::basic_ostream<char,std::char_traits<char>>::operator <<(std::basic_streambuf<char,std::char_traits<char>> *)'
C:\Program Files (x86)\Microsoft Visual Studio\2019\Community\VC\Tools\MSVC\14.29.30133\include\ostream(439,39): message : or       'std::basic_ostream<char,std::char_traits<char>> &std::basic_ostream<char,std::char_traits<char>>::operator <<(const void *)'
C:\Program Files (x86)\Microsoft Visual Studio\2019\Community\VC\Tools\MSVC\14.29.30133\include\ostream(421,39): message : or       'std::basic_ostream<char,std::char_traits<char>> &std::basic_ostream<char,std::char_traits<char>>::operator <<(long double)'
C:\Program Files (x86)\Microsoft Visual Studio\2019\Community\VC\Tools\MSVC\14.29.30133\include\ostream(403,39): message : or       'std::basic_ostream<char,std::char_traits<char>> &std::basic_ostream<char,std::char_traits<char>>::operator <<(double)'
C:\Program Files (x86)\Microsoft Visual Studio\2019\Community\VC\Tools\MSVC\14.29.30133\include\ostream(385,39): message : or       'std::basic_ostream<char,std::char_traits<char>> &std::basic_ostream<char,std::char_traits<char>>::operator <<(float)'
C:\Program Files (x86)\Microsoft Visual Studio\2019\Community\VC\Tools\MSVC\14.29.30133\include\ostream(367,39): message : or       'std::basic_ostream<char,std::char_traits<char>> &std::basic_ostream<char,std::char_traits<char>>::operator <<(unsigned __int64)'
C:\Program Files (x86)\Microsoft Visual Studio\2019\Community\VC\Tools\MSVC\14.29.30133\include\ostream(349,39): message : or       'std::basic_ostream<char,std::char_traits<char>> &std::basic_ostream<char,std::char_traits<char>>::operator <<(__int64)'
C:\Program Files (x86)\Microsoft Visual Studio\2019\Community\VC\Tools\MSVC\14.29.30133\include\ostream(331,39): message : or       'std::basic_ostream<char,std::char_traits<char>> &std::basic_ostream<char,std::char_traits<char>>::operator <<(unsigned long)'
C:\Program Files (x86)\Microsoft Visual Studio\2019\Community\VC\Tools\MSVC\14.29.30133\include\ostream(313,39): message : or       'std::basic_ostream<char,std::char_traits<char>> &std::basic_ostream<char,std::char_traits<char>>::operator <<(long)'
C:\Program Files (x86)\Microsoft Visual Studio\2019\Community\VC\Tools\MSVC\14.29.30133\include\ostream(294,39): message : or       'std::basic_ostream<char,std::char_traits<char>> &std::basic_ostream<char,std::char_traits<char>>::operator <<(unsigned int)'
C:\Program Files (x86)\Microsoft Visual Studio\2019\Community\VC\Tools\MSVC\14.29.30133\include\ostream(268,39): message : or       'std::basic_ostream<char,std::char_traits<char>> &std::basic_ostream<char,std::char_traits<char>>::operator <<(int)'
C:\Program Files (x86)\Microsoft Visual Studio\2019\Community\VC\Tools\MSVC\14.29.30133\include\ostream(249,39): message : or       'std::basic_ostream<char,std::char_traits<char>> &std::basic_ostream<char,std::char_traits<char>>::operator <<(unsigned short)'
C:\Program Files (x86)\Microsoft Visual Studio\2019\Community\VC\Tools\MSVC\14.29.30133\include\ostream(215,39): message : or       'std::basic_ostream<char,std::char_traits<char>> &std::basic_ostream<char,std::char_traits<char>>::operator <<(short)'
C:\Program Files (x86)\Microsoft Visual Studio\2019\Community\VC\Tools\MSVC\14.29.30133\include\ostream(197,39): message : or       'std::basic_ostream<char,std::char_traits<char>> &std::basic_ostream<char,std::char_traits<char>>::operator <<(bool)'
C:\Program Files (x86)\Microsoft Visual Studio\2019\Community\VC\Tools\MSVC\14.29.30133\include\ostream(192,39): message : or       'std::basic_ostream<char,std::char_traits<char>> &std::basic_ostream<char,std::char_traits<char>>::operator <<(std::ios_base &(__cdecl *)(std::ios_base &))'
C:\Program Files (x86)\Microsoft Visual Studio\2019\Community\VC\Tools\MSVC\14.29.30133\include\ostream(187,39): message : or       'std::basic_ostream<char,std::char_traits<char>> &std::basic_ostream<char,std::char_traits<char>>::operator <<(std::basic_ios<char,std::char_traits<char>> &(__cdecl *)(std::basic_ios<char,std::char_traits<char>> &))'
C:\Program Files (x86)\Microsoft Visual Studio\2019\Community\VC\Tools\MSVC\14.29.30133\include\ostream(182,39): message : or       'std::basic_ostream<char,std::char_traits<char>> &std::basic_ostream<char,std::char_traits<char>>::operator <<(std::basic_ostream<char,std::char_traits<char>> &(__cdecl *)(std::basic_ostream<char,std::char_traits<char>> &))'
C:\Users\Toan\OneDrive - VNU-HCMUS\HCMUS\HK2\ProgrammingTechniques\Project\Code\22CLC02-ProgrammingTechniques-Group01\TESTING WINFORM\CMS\export.cpp(114,30): message : while trying to match the argument list '(std::ofstream, System::String ^)'
C:\Users\Toan\OneDrive - VNU-HCMUS\HCMUS\HK2\ProgrammingTechniques\Project\Code\22CLC02-ProgrammingTechniques-Group01\TESTING WINFORM\CMS\export.cpp(115,45): error C2679: binary '<<': no operator found which takes a right-hand operand of type 'System::String ^' (or there is no acceptable conversion)
C:\Program Files (x86)\Microsoft Visual Studio\2019\Community\VC\Tools\MSVC\14.29.30133\include\ostream(464,39): message : could be 'std::basic_ostream<char,std::char_traits<char>> &std::basic_ostream<char,std::char_traits<char>>::operator <<(std::basic_streambuf<char,std::char_traits<char>> *)'
C:\Program Files (x86)\Microsoft Visual Studio\2019\Community\VC\Tools\MSVC\14.29.30133\include\ostream(439,39): message : or       'std::basic_ostream<char,std::char_traits<char>> &std::basic_ostream<char,std::char_traits<char>>::operator <<(const void *)'
C:\Program Files (x86)\Microsoft Visual Studio\2019\Community\VC\Tools\MSVC\14.29.30133\include\ostream(421,39): message : or       'std::basic_ostream<char,std::char_traits<char>> &std::basic_ostream<char,std::char_traits<char>>::operator <<(long double)'
C:\Program Files (x86)\Microsoft Visual Studio\2019\Community\VC\Tools\MSVC\14.29.30133\include\ostream(403,39): message : or       'std::basic_ostream<char,std::char_traits<char>> &std::basic_ostream<char,std::char_traits<char>>::operator <<(double)'
C:\Program Files (x86)\Microsoft Visual Studio\2019\Community\VC\Tools\MSVC\14.29.30133\include\ostream(385,39): message : or       'std::basic_ostream<char,std::char_traits<char>> &std::basic_ostream<char,std::char_traits<char>>::operator <<(float)'
C:\Program Files (x86)\Microsoft Visual Studio\2019\Community\VC\Tools\MSVC\14.29.30133\include\ostream(367,39): message : or       'std::basic_ostream<char,std::char_traits<char>> &std::basic_ostream<char,std::char_traits<char>>::operator <<(unsigned __int64)'
C:\Program Files (x86)\Microsoft Visual Studio\2019\Community\VC\Tools\MSVC\14.29.30133\include\ostream(349,39): message : or       'std::basic_ostream<char,std::char_traits<char>> &std::basic_ostream<char,std::char_traits<char>>::operator <<(__int64)'
C:\Program Files (x86)\Microsoft Visual Studio\2019\Community\VC\Tools\MSVC\14.29.30133\include\ostream(331,39): message : or       'std::basic_ostream<char,std::char_traits<char>> &std::basic_ostream<char,std::char_traits<char>>::operator <<(unsigned long)'
C:\Program Files (x86)\Microsoft Visual Studio\2019\Community\VC\Tools\MSVC\14.29.30133\include\ostream(313,39): message : or       'std::basic_ostream<char,std::char_traits<char>> &std::basic_ostream<char,std::char_traits<char>>::operator <<(long)'
C:\Program Files (x86)\Microsoft Visual Studio\2019\Community\VC\Tools\MSVC\14.29.30133\include\ostream(294,39): message : or       'std::basic_ostream<char,std::char_traits<char>> &std::basic_ostream<char,std::char_traits<char>>::operator <<(unsigned int)'
C:\Program Files (x86)\Microsoft Visual Studio\2019\Community\VC\Tools\MSVC\14.29.30133\include\ostream(268,39): message : or       'std::basic_ostream<char,std::char_traits<char>> &std::basic_ostream<char,std::char_traits<char>>::operator <<(int)'
C:\Program Files (x86)\Microsoft Visual Studio\2019\Community\VC\Tools\MSVC\14.29.30133\include\ostream(249,39): message : or       'std::basic_ostream<char,std::char_traits<char>> &std::basic_ostream<char,std::char_traits<char>>::operator <<(unsigned short)'
C:\Program Files (x86)\Microsoft Visual Studio\2019\Community\VC\Tools\MSVC\14.29.30133\include\ostream(215,39): message : or       'std::basic_ostream<char,std::char_traits<char>> &std::basic_ostream<char,std::char_traits<char>>::operator <<(short)'
C:\Program Files (x86)\Microsoft Visual Studio\2019\Community\VC\Tools\MSVC\14.29.30133\include\ostream(197,39): message : or       'std::basic_ostream<char,std::char_traits<char>> &std::basic_ostream<char,std::char_traits<char>>::operator <<(bool)'
C:\Program Files (x86)\Microsoft Visual Studio\2019\Community\VC\Tools\MSVC\14.29.30133\include\ostream(192,39): message : or       'std::basic_ostream<char,std::char_traits<char>> &std::basic_ostream<char,std::char_traits<char>>::operator <<(std::ios_base &(__cdecl *)(std::ios_base &))'
C:\Program Files (x86)\Microsoft Visual Studio\2019\Community\VC\Tools\MSVC\14.29.30133\include\ostream(187,39): message : or       'std::basic_ostream<char,std::char_traits<char>> &std::basic_ostream<char,std::char_traits<char>>::operator <<(std::basic_ios<char,std::char_traits<char>> &(__cdecl *)(std::basic_ios<char,std::char_traits<char>> &))'
C:\Program Files (x86)\Microsoft Visual Studio\2019\Community\VC\Tools\MSVC\14.29.30133\include\ostream(182,39): message : or       'std::basic_ostream<char,std::char_traits<char>> &std::basic_ostream<char,std::char_traits<char>>::operator <<(std::basic_ostream<char,std::char_traits<char>> &(__cdecl *)(std::basic_ostream<char,std::char_traits<char>> &))'
C:\Users\Toan\OneDrive - VNU-HCMUS\HCMUS\HK2\ProgrammingTechniques\Project\Code\22CLC02-ProgrammingTechniques-Group01\TESTING WINFORM\CMS\export.cpp(115,45): message : while trying to match the argument list '(std::basic_ostream<char,std::char_traits<char>>, System::String ^)'
C:\Users\Toan\OneDrive - VNU-HCMUS\HCMUS\HK2\ProgrammingTechniques\Project\Code\22CLC02-ProgrammingTechniques-Group01\TESTING WINFORM\CMS\export.cpp(138,57): error C2664: 'System::String ^DateToString(GROUP1::DATE)': cannot convert argument 1 from 'GROUP1::DATE *' to 'GROUP1::DATE'
C:\Users\Toan\OneDrive - VNU-HCMUS\HCMUS\HK2\ProgrammingTechniques\Project\Code\22CLC02-ProgrammingTechniques-Group01\TESTING WINFORM\CMS\export.cpp(138,46): message : No user-defined-conversion operator available that can perform this conversion, or the operator cannot be called
C:\Users\Toan\OneDrive - VNU-HCMUS\HCMUS\HK2\ProgrammingTechniques\Project\Code\22CLC02-ProgrammingTechniques-Group01\TESTING WINFORM\CMS\header.h(160,17): message : see declaration of 'DateToString'
C:\Users\Toan\OneDrive - VNU-HCMUS\HCMUS\HK2\ProgrammingTechniques\Project\Code\22CLC02-ProgrammingTechniques-Group01\TESTING WINFORM\CMS\export.cpp(138,94): error C2664: 'System::String ^DateToString(GROUP1::DATE)': cannot convert argument 1 from 'GROUP1::DATE *' to 'GROUP1::DATE'
C:\Users\Toan\OneDrive - VNU-HCMUS\HCMUS\HK2\ProgrammingTechniques\Project\Code\22CLC02-ProgrammingTechniques-Group01\TESTING WINFORM\CMS\export.cpp(138,85): message : No user-defined-conversion operator available that can perform this conversion, or the operator cannot be called
C:\Users\Toan\OneDrive - VNU-HCMUS\HCMUS\HK2\ProgrammingTechniques\Project\Code\22CLC02-ProgrammingTechniques-Group01\TESTING WINFORM\CMS\header.h(160,17): message : see declaration of 'DateToString'
C:\Users\Toan\OneDrive - VNU-HCMUS\HCMUS\HK2\ProgrammingTechniques\Project\Code\22CLC02-ProgrammingTechniques-Group01\TESTING WINFORM\CMS\header.h(43,1): error C3446: 'GROUP1::DLL<Data_Type>::prev': a default member initializer is not allowed for a member of a value class
          with
          [
              Data_Type=GROUP1::SCHOOLYEAR
          ]
C:\Users\Toan\OneDrive - VNU-HCMUS\HCMUS\HK2\ProgrammingTechniques\Project\Code\22CLC02-ProgrammingTechniques-Group01\TESTING WINFORM\CMS\export.cpp(153): message : see reference to class template instantiation 'GROUP1::DLL<Data_Type>' being compiled
          with
          [
              Data_Type=GROUP1::SCHOOLYEAR
          ]
C:\Users\Toan\OneDrive - VNU-HCMUS\HCMUS\HK2\ProgrammingTechniques\Project\Code\22CLC02-ProgrammingTechniques-Group01\TESTING WINFORM\CMS\header.h(43,41): error C3446: 'GROUP1::DLL<Data_Type>::next': a default member initializer is not allowed for a member of a value class
          with
          [
              Data_Type=GROUP1::SCHOOLYEAR
          ]
  import.cpp
C:\Users\Toan\OneDrive - VNU-HCMUS\HCMUS\HK2\ProgrammingTechniques\Project\Code\22CLC02-ProgrammingTechniques-Group01\TESTING WINFORM\CMS\header.h(59,30): error C3816: 'struct GROUP1::DATE' was previously declared or defined with a different managed modifier
C:\Users\Toan\OneDrive - VNU-HCMUS\HCMUS\HK2\ProgrammingTechniques\Project\Code\22CLC02-ProgrammingTechniques-Group01\TESTING WINFORM\CMS\header.h(59): message : see declaration of 'GROUP1::DATE'
C:\Users\Toan\OneDrive - VNU-HCMUS\HCMUS\HK2\ProgrammingTechniques\Project\Code\22CLC02-ProgrammingTechniques-Group01\TESTING WINFORM\CMS\header.h(66,30): error C3816: 'struct GROUP1::USER' was previously declared or defined with a different managed modifier
C:\Users\Toan\OneDrive - VNU-HCMUS\HCMUS\HK2\ProgrammingTechniques\Project\Code\22CLC02-ProgrammingTechniques-Group01\TESTING WINFORM\CMS\header.h(66): message : see declaration of 'GROUP1::USER'
C:\Users\Toan\OneDrive - VNU-HCMUS\HCMUS\HK2\ProgrammingTechniques\Project\Code\22CLC02-ProgrammingTechniques-Group01\TESTING WINFORM\CMS\header.h(73,31): error C3816: 'struct GROUP1::STAFF' was previously declared or defined with a different managed modifier
C:\Users\Toan\OneDrive - VNU-HCMUS\HCMUS\HK2\ProgrammingTechniques\Project\Code\22CLC02-ProgrammingTechniques-Group01\TESTING WINFORM\CMS\header.h(73): message : see declaration of 'GROUP1::STAFF'
C:\Users\Toan\OneDrive - VNU-HCMUS\HCMUS\HK2\ProgrammingTechniques\Project\Code\22CLC02-ProgrammingTechniques-Group01\TESTING WINFORM\CMS\header.h(82,36): error C3816: 'struct GROUP1::SCOREBOARD' was previously declared or defined with a different managed modifier
C:\Users\Toan\OneDrive - VNU-HCMUS\HCMUS\HK2\ProgrammingTechniques\Project\Code\22CLC02-ProgrammingTechniques-Group01\TESTING WINFORM\CMS\header.h(82): message : see declaration of 'GROUP1::SCOREBOARD'
C:\Users\Toan\OneDrive - VNU-HCMUS\HCMUS\HK2\ProgrammingTechniques\Project\Code\22CLC02-ProgrammingTechniques-Group01\TESTING WINFORM\CMS\header.h(89,33): error C3816: 'struct GROUP1::STUDENT' was previously declared or defined with a different managed modifier
C:\Users\Toan\OneDrive - VNU-HCMUS\HCMUS\HK2\ProgrammingTechniques\Project\Code\22CLC02-ProgrammingTechniques-Group01\TESTING WINFORM\CMS\header.h(89): message : see declaration of 'GROUP1::STUDENT'
C:\Users\Toan\OneDrive - VNU-HCMUS\HCMUS\HK2\ProgrammingTechniques\Project\Code\22CLC02-ProgrammingTechniques-Group01\TESTING WINFORM\CMS\header.h(108,32): error C3816: 'struct GROUP1::COURSE' was previously declared or defined with a different managed modifier
C:\Users\Toan\OneDrive - VNU-HCMUS\HCMUS\HK2\ProgrammingTechniques\Project\Code\22CLC02-ProgrammingTechniques-Group01\TESTING WINFORM\CMS\header.h(108): message : see declaration of 'GROUP1::COURSE'
C:\Users\Toan\OneDrive - VNU-HCMUS\HCMUS\HK2\ProgrammingTechniques\Project\Code\22CLC02-ProgrammingTechniques-Group01\TESTING WINFORM\CMS\header.h(133,34): error C3816: 'struct GROUP1::SEMESTER' was previously declared or defined with a different managed modifier
C:\Users\Toan\OneDrive - VNU-HCMUS\HCMUS\HK2\ProgrammingTechniques\Project\Code\22CLC02-ProgrammingTechniques-Group01\TESTING WINFORM\CMS\header.h(133): message : see declaration of 'GROUP1::SEMESTER'
C:\Users\Toan\OneDrive - VNU-HCMUS\HCMUS\HK2\ProgrammingTechniques\Project\Code\22CLC02-ProgrammingTechniques-Group01\TESTING WINFORM\CMS\header.h(139,36): error C3816: 'struct GROUP1::SCHOOLYEAR' was previously declared or defined with a different managed modifier
C:\Users\Toan\OneDrive - VNU-HCMUS\HCMUS\HK2\ProgrammingTechniques\Project\Code\22CLC02-ProgrammingTechniques-Group01\TESTING WINFORM\CMS\header.h(139): message : see declaration of 'GROUP1::SCHOOLYEAR'
C:\Users\Toan\OneDrive - VNU-HCMUS\HCMUS\HK2\ProgrammingTechniques\Project\Code\22CLC02-ProgrammingTechniques-Group01\TESTING WINFORM\CMS\header.h(154,36): error C3265: cannot declare a managed 'student' in an unmanaged 'GROUP1::CLASS'
C:\Users\Toan\OneDrive - VNU-HCMUS\HCMUS\HK2\ProgrammingTechniques\Project\Code\22CLC02-ProgrammingTechniques-Group01\TESTING WINFORM\CMS\header.h(154,36): message : only simple value types are allowed
C:\Users\Toan\OneDrive - VNU-HCMUS\HCMUS\HK2\ProgrammingTechniques\Project\Code\22CLC02-ProgrammingTechniques-Group01\TESTING WINFORM\CMS\header.h(173,39): error C3145: 'g_currentSchoolYear': global or static variable may not have managed type 'GROUP1::SCHOOLYEAR'
C:\Users\Toan\OneDrive - VNU-HCMUS\HCMUS\HK2\ProgrammingTechniques\Project\Code\22CLC02-ProgrammingTechniques-Group01\TESTING WINFORM\CMS\header.h(173,39): message : only simple value types are allowed
C:\Users\Toan\OneDrive - VNU-HCMUS\HCMUS\HK2\ProgrammingTechniques\Project\Code\22CLC02-ProgrammingTechniques-Group01\TESTING WINFORM\CMS\header.h(174,35): error C3145: 'g_currentSemester': global or static variable may not have managed type 'GROUP1::SEMESTER'
C:\Users\Toan\OneDrive - VNU-HCMUS\HCMUS\HK2\ProgrammingTechniques\Project\Code\22CLC02-ProgrammingTechniques-Group01\TESTING WINFORM\CMS\header.h(174,35): message : only simple value types are allowed
C:\Users\Toan\OneDrive - VNU-HCMUS\HCMUS\HK2\ProgrammingTechniques\Project\Code\22CLC02-ProgrammingTechniques-Group01\TESTING WINFORM\CMS\header.h(178,59): error C3145: 'L_SchoolYear': global or static variable may not have managed type 'GROUP1::LIST<GROUP1::DLL,GROUP1::SCHOOLYEAR>'
C:\Users\Toan\OneDrive - VNU-HCMUS\HCMUS\HK2\ProgrammingTechniques\Project\Code\22CLC02-ProgrammingTechniques-Group01\TESTING WINFORM\CMS\header.h(178,59): message : only simple value types are allowed
C:\Users\Toan\OneDrive - VNU-HCMUS\HCMUS\HK2\ProgrammingTechniques\Project\Code\22CLC02-ProgrammingTechniques-Group01\TESTING WINFORM\CMS\header.h(179,50): error C3145: 'L_Staff': global or static variable may not have managed type 'GROUP1::LIST<GROUP1::DLL,GROUP1::STAFF *>'
C:\Users\Toan\OneDrive - VNU-HCMUS\HCMUS\HK2\ProgrammingTechniques\Project\Code\22CLC02-ProgrammingTechniques-Group01\TESTING WINFORM\CMS\header.h(179,50): message : only simple value types are allowed
C:\Users\Toan\OneDrive - VNU-HCMUS\HCMUS\HK2\ProgrammingTechniques\Project\Code\22CLC02-ProgrammingTechniques-Group01\TESTING WINFORM\CMS\header.h(180,54): error C3145: 'L_Student': global or static variable may not have managed type 'GROUP1::LIST<GROUP1::DLL,GROUP1::STUDENT *>'
C:\Users\Toan\OneDrive - VNU-HCMUS\HCMUS\HK2\ProgrammingTechniques\Project\Code\22CLC02-ProgrammingTechniques-Group01\TESTING WINFORM\CMS\header.h(180,54): message : only simple value types are allowed
C:\Users\Toan\OneDrive - VNU-HCMUS\HCMUS\HK2\ProgrammingTechniques\Project\Code\22CLC02-ProgrammingTechniques-Group01\TESTING WINFORM\CMS\header.h(181,49): error C3145: 'L_Class': global or static variable may not have managed type 'GROUP1::LIST<GROUP1::DLL,GROUP1::CLASS>'
C:\Users\Toan\OneDrive - VNU-HCMUS\HCMUS\HK2\ProgrammingTechniques\Project\Code\22CLC02-ProgrammingTechniques-Group01\TESTING WINFORM\CMS\header.h(181,49): message : only simple value types are allowed
C:\Users\Toan\OneDrive - VNU-HCMUS\HCMUS\HK2\ProgrammingTechniques\Project\Code\22CLC02-ProgrammingTechniques-Group01\TESTING WINFORM\CMS\import.cpp(14,35): error C3255: 'GROUP1::STUDENT': cannot dynamically allocate this value type object on native heap
C:\Users\Toan\OneDrive - VNU-HCMUS\HCMUS\HK2\ProgrammingTechniques\Project\Code\22CLC02-ProgrammingTechniques-Group01\TESTING WINFORM\CMS\import.cpp(14,35): message : the value type may not contain members of managed types
C:\Users\Toan\OneDrive - VNU-HCMUS\HCMUS\HK2\ProgrammingTechniques\Project\Code\22CLC02-ProgrammingTechniques-Group01\TESTING WINFORM\CMS\import.cpp(21,58): error C2440: '=': cannot convert from 'System::String' to 'System::String ^'
C:\Users\Toan\OneDrive - VNU-HCMUS\HCMUS\HK2\ProgrammingTechniques\Project\Code\22CLC02-ProgrammingTechniques-Group01\TESTING WINFORM\CMS\import.cpp(21,58): message : No user-defined-conversion operator available, or
C:\Users\Toan\OneDrive - VNU-HCMUS\HCMUS\HK2\ProgrammingTechniques\Project\Code\22CLC02-ProgrammingTechniques-Group01\TESTING WINFORM\CMS\import.cpp(21,45): message : No user-defined-conversion operator available that can perform this conversion, or the operator cannot be called
C:\Users\Toan\OneDrive - VNU-HCMUS\HCMUS\HK2\ProgrammingTechniques\Project\Code\22CLC02-ProgrammingTechniques-Group01\TESTING WINFORM\CMS\import.cpp(28,53): error C2440: '=': cannot convert from 'System::String' to 'System::String ^'
C:\Users\Toan\OneDrive - VNU-HCMUS\HCMUS\HK2\ProgrammingTechniques\Project\Code\22CLC02-ProgrammingTechniques-Group01\TESTING WINFORM\CMS\import.cpp(28,53): message : No user-defined-conversion operator available, or
C:\Users\Toan\OneDrive - VNU-HCMUS\HCMUS\HK2\ProgrammingTechniques\Project\Code\22CLC02-ProgrammingTechniques-Group01\TESTING WINFORM\CMS\import.cpp(28,40): message : No user-defined-conversion operator available that can perform this conversion, or the operator cannot be called
C:\Users\Toan\OneDrive - VNU-HCMUS\HCMUS\HK2\ProgrammingTechniques\Project\Code\22CLC02-ProgrammingTechniques-Group01\TESTING WINFORM\CMS\import.cpp(32,53): error C2440: '=': cannot convert from 'System::String' to 'System::String ^'
C:\Users\Toan\OneDrive - VNU-HCMUS\HCMUS\HK2\ProgrammingTechniques\Project\Code\22CLC02-ProgrammingTechniques-Group01\TESTING WINFORM\CMS\import.cpp(32,53): message : No user-defined-conversion operator available, or
C:\Users\Toan\OneDrive - VNU-HCMUS\HCMUS\HK2\ProgrammingTechniques\Project\Code\22CLC02-ProgrammingTechniques-Group01\TESTING WINFORM\CMS\import.cpp(32,40): message : No user-defined-conversion operator available that can perform this conversion, or the operator cannot be called
C:\Users\Toan\OneDrive - VNU-HCMUS\HCMUS\HK2\ProgrammingTechniques\Project\Code\22CLC02-ProgrammingTechniques-Group01\TESTING WINFORM\CMS\import.cpp(36,52): error C2440: '=': cannot convert from 'System::String' to 'System::String ^'
C:\Users\Toan\OneDrive - VNU-HCMUS\HCMUS\HK2\ProgrammingTechniques\Project\Code\22CLC02-ProgrammingTechniques-Group01\TESTING WINFORM\CMS\import.cpp(36,52): message : No user-defined-conversion operator available, or
C:\Users\Toan\OneDrive - VNU-HCMUS\HCMUS\HK2\ProgrammingTechniques\Project\Code\22CLC02-ProgrammingTechniques-Group01\TESTING WINFORM\CMS\import.cpp(36,39): message : No user-defined-conversion operator available that can perform this conversion, or the operator cannot be called
C:\Users\Toan\OneDrive - VNU-HCMUS\HCMUS\HK2\ProgrammingTechniques\Project\Code\22CLC02-ProgrammingTechniques-Group01\TESTING WINFORM\CMS\header.h(43,1): error C3446: 'GROUP1::DLL<Data_Type>::prev': a default member initializer is not allowed for a member of a value class
          with
          [
              Data_Type=GROUP1::CLASS
          ]
C:\Users\Toan\OneDrive - VNU-HCMUS\HCMUS\HK2\ProgrammingTechniques\Project\Code\22CLC02-ProgrammingTechniques-Group01\TESTING WINFORM\CMS\import.cpp(54): message : see reference to class template instantiation 'GROUP1::DLL<Data_Type>' being compiled
          with
          [
              Data_Type=GROUP1::CLASS
          ]
C:\Users\Toan\OneDrive - VNU-HCMUS\HCMUS\HK2\ProgrammingTechniques\Project\Code\22CLC02-ProgrammingTechniques-Group01\TESTING WINFORM\CMS\header.h(43,41): error C3446: 'GROUP1::DLL<Data_Type>::next': a default member initializer is not allowed for a member of a value class
          with
          [
              Data_Type=GROUP1::CLASS
          ]
C:\Users\Toan\OneDrive - VNU-HCMUS\HCMUS\HK2\ProgrammingTechniques\Project\Code\22CLC02-ProgrammingTechniques-Group01\TESTING WINFORM\CMS\header.h(42,19): error C4368: cannot define 'data' as a member of managed 'GROUP1::DLL<Data_Type>': mixed types are not supported
          with
          [
              Data_Type=GROUP1::CLASS
          ]
C:\Users\Toan\OneDrive - VNU-HCMUS\HCMUS\HK2\ProgrammingTechniques\Project\Code\22CLC02-ProgrammingTechniques-Group01\TESTING WINFORM\CMS\import.cpp(54,55): error C2446: '==': no conversion from 'std::string' to 'System::String ^'
C:\Users\Toan\OneDrive - VNU-HCMUS\HCMUS\HK2\ProgrammingTechniques\Project\Code\22CLC02-ProgrammingTechniques-Group01\TESTING WINFORM\CMS\import.cpp(54,55): message : No user-defined-conversion operator available, or
C:\Users\Toan\OneDrive - VNU-HCMUS\HCMUS\HK2\ProgrammingTechniques\Project\Code\22CLC02-ProgrammingTechniques-Group01\TESTING WINFORM\CMS\import.cpp(54,52): message : No user-defined-conversion operator available that can perform this conversion, or the operator cannot be called
C:\Users\Toan\OneDrive - VNU-HCMUS\HCMUS\HK2\ProgrammingTechniques\Project\Code\22CLC02-ProgrammingTechniques-Group01\TESTING WINFORM\CMS\header.h(43,1): error C3446: 'GROUP1::DLL<Data_Type>::prev': a default member initializer is not allowed for a member of a value class
          with
          [
              Data_Type=GROUP1::STUDENT *
          ]
C:\Users\Toan\OneDrive - VNU-HCMUS\HCMUS\HK2\ProgrammingTechniques\Project\Code\22CLC02-ProgrammingTechniques-Group01\TESTING WINFORM\CMS\import.cpp(65): message : see reference to class template instantiation 'GROUP1::DLL<Data_Type>' being compiled
          with
          [
              Data_Type=GROUP1::STUDENT *
          ]
C:\Users\Toan\OneDrive - VNU-HCMUS\HCMUS\HK2\ProgrammingTechniques\Project\Code\22CLC02-ProgrammingTechniques-Group01\TESTING WINFORM\CMS\header.h(43,41): error C3446: 'GROUP1::DLL<Data_Type>::next': a default member initializer is not allowed for a member of a value class
          with
          [
              Data_Type=GROUP1::STUDENT *
          ]
C:\Users\Toan\OneDrive - VNU-HCMUS\HCMUS\HK2\ProgrammingTechniques\Project\Code\22CLC02-ProgrammingTechniques-Group01\TESTING WINFORM\CMS\import.cpp(65,80): error C3255: 'GROUP1::DLL<Data_Type>': cannot dynamically allocate this value type object on native heap
          with
          [
              Data_Type=GROUP1::STUDENT *
          ]
C:\Users\Toan\OneDrive - VNU-HCMUS\HCMUS\HK2\ProgrammingTechniques\Project\Code\22CLC02-ProgrammingTechniques-Group01\TESTING WINFORM\CMS\import.cpp(65,80): message : only simple value types are allowed
C:\Users\Toan\OneDrive - VNU-HCMUS\HCMUS\HK2\ProgrammingTechniques\Project\Code\22CLC02-ProgrammingTechniques-Group01\TESTING WINFORM\CMS\import.cpp(70,69): error C3255: 'GROUP1::DLL<Data_Type>': cannot dynamically allocate this value type object on native heap
          with
          [
              Data_Type=GROUP1::STUDENT *
          ]
C:\Users\Toan\OneDrive - VNU-HCMUS\HCMUS\HK2\ProgrammingTechniques\Project\Code\22CLC02-ProgrammingTechniques-Group01\TESTING WINFORM\CMS\import.cpp(70,69): message : only simple value types are allowed
C:\Users\Toan\OneDrive - VNU-HCMUS\HCMUS\HK2\ProgrammingTechniques\Project\Code\22CLC02-ProgrammingTechniques-Group01\TESTING WINFORM\CMS\import.cpp(88,39): error C3255: 'GROUP1::STAFF': cannot dynamically allocate this value type object on native heap
C:\Users\Toan\OneDrive - VNU-HCMUS\HCMUS\HK2\ProgrammingTechniques\Project\Code\22CLC02-ProgrammingTechniques-Group01\TESTING WINFORM\CMS\import.cpp(88,39): message : the value type may not contain members of managed types
C:\Users\Toan\OneDrive - VNU-HCMUS\HCMUS\HK2\ProgrammingTechniques\Project\Code\22CLC02-ProgrammingTechniques-Group01\TESTING WINFORM\CMS\header.h(43,1): error C3446: 'GROUP1::DLL<Data_Type>::prev': a default member initializer is not allowed for a member of a value class
          with
          [
              Data_Type=GROUP1::STAFF *
          ]
C:\Users\Toan\OneDrive - VNU-HCMUS\HCMUS\HK2\ProgrammingTechniques\Project\Code\22CLC02-ProgrammingTechniques-Group01\TESTING WINFORM\CMS\import.cpp(103): message : see reference to class template instantiation 'GROUP1::DLL<Data_Type>' being compiled
          with
          [
              Data_Type=GROUP1::STAFF *
          ]
C:\Users\Toan\OneDrive - VNU-HCMUS\HCMUS\HK2\ProgrammingTechniques\Project\Code\22CLC02-ProgrammingTechniques-Group01\TESTING WINFORM\CMS\header.h(43,41): error C3446: 'GROUP1::DLL<Data_Type>::next': a default member initializer is not allowed for a member of a value class
          with
          [
              Data_Type=GROUP1::STAFF *
          ]
C:\Users\Toan\OneDrive - VNU-HCMUS\HCMUS\HK2\ProgrammingTechniques\Project\Code\22CLC02-ProgrammingTechniques-Group01\TESTING WINFORM\CMS\import.cpp(103,74): error C3255: 'GROUP1::DLL<Data_Type>': cannot dynamically allocate this value type object on native heap
          with
          [
              Data_Type=GROUP1::STAFF *
          ]
C:\Users\Toan\OneDrive - VNU-HCMUS\HCMUS\HK2\ProgrammingTechniques\Project\Code\22CLC02-ProgrammingTechniques-Group01\TESTING WINFORM\CMS\import.cpp(103,74): message : only simple value types are allowed
C:\Users\Toan\OneDrive - VNU-HCMUS\HCMUS\HK2\ProgrammingTechniques\Project\Code\22CLC02-ProgrammingTechniques-Group01\TESTING WINFORM\CMS\import.cpp(108,65): error C3255: 'GROUP1::DLL<Data_Type>': cannot dynamically allocate this value type object on native heap
          with
          [
              Data_Type=GROUP1::STAFF *
          ]
C:\Users\Toan\OneDrive - VNU-HCMUS\HCMUS\HK2\ProgrammingTechniques\Project\Code\22CLC02-ProgrammingTechniques-Group01\TESTING WINFORM\CMS\import.cpp(108,65): message : only simple value types are allowed
C:\Users\Toan\OneDrive - VNU-HCMUS\HCMUS\HK2\ProgrammingTechniques\Project\Code\22CLC02-ProgrammingTechniques-Group01\TESTING WINFORM\CMS\import.cpp(177,55): error C3255: 'GROUP1::SCOREBOARD': cannot dynamically allocate this value type object on native heap
C:\Users\Toan\OneDrive - VNU-HCMUS\HCMUS\HK2\ProgrammingTechniques\Project\Code\22CLC02-ProgrammingTechniques-Group01\TESTING WINFORM\CMS\import.cpp(177,55): message : only simple value types are allowed
C:\Users\Toan\OneDrive - VNU-HCMUS\HCMUS\HK2\ProgrammingTechniques\Project\Code\22CLC02-ProgrammingTechniques-Group01\TESTING WINFORM\CMS\import.cpp(257,5): error C2065: 'string': undeclared identifier
C:\Users\Toan\OneDrive - VNU-HCMUS\HCMUS\HK2\ProgrammingTechniques\Project\Code\22CLC02-ProgrammingTechniques-Group01\TESTING WINFORM\CMS\import.cpp(257,12): error C2146: syntax error: missing ';' before identifier 'temp'
C:\Users\Toan\OneDrive - VNU-HCMUS\HCMUS\HK2\ProgrammingTechniques\Project\Code\22CLC02-ProgrammingTechniques-Group01\TESTING WINFORM\CMS\import.cpp(257,12): error C2065: 'temp': undeclared identifier
C:\Users\Toan\OneDrive - VNU-HCMUS\HCMUS\HK2\ProgrammingTechniques\Project\Code\22CLC02-ProgrammingTechniques-Group01\TESTING WINFORM\CMS\import.cpp(258,23): error C2065: 'temp': undeclared identifier
C:\Users\Toan\OneDrive - VNU-HCMUS\HCMUS\HK2\ProgrammingTechniques\Project\Code\22CLC02-ProgrammingTechniques-Group01\TESTING WINFORM\CMS\header.h(43,1): error C3446: 'GROUP1::DLL<Data_Type>::prev': a default member initializer is not allowed for a member of a value class
          with
          [
              Data_Type=GROUP1::SCHOOLYEAR
          ]
C:\Users\Toan\OneDrive - VNU-HCMUS\HCMUS\HK2\ProgrammingTechniques\Project\Code\22CLC02-ProgrammingTechniques-Group01\TESTING WINFORM\CMS\import.cpp(263): message : see reference to class template instantiation 'GROUP1::DLL<Data_Type>' being compiled
          with
          [
              Data_Type=GROUP1::SCHOOLYEAR
          ]
C:\Users\Toan\OneDrive - VNU-HCMUS\HCMUS\HK2\ProgrammingTechniques\Project\Code\22CLC02-ProgrammingTechniques-Group01\TESTING WINFORM\CMS\header.h(43,41): error C3446: 'GROUP1::DLL<Data_Type>::next': a default member initializer is not allowed for a member of a value class
          with
          [
              Data_Type=GROUP1::SCHOOLYEAR
          ]
C:\Users\Toan\OneDrive - VNU-HCMUS\HCMUS\HK2\ProgrammingTechniques\Project\Code\22CLC02-ProgrammingTechniques-Group01\TESTING WINFORM\CMS\import.cpp(263,120): error C3255: 'GROUP1::DLL<Data_Type>': cannot dynamically allocate this value type object on native heap
          with
          [
              Data_Type=GROUP1::SCHOOLYEAR
          ]
C:\Users\Toan\OneDrive - VNU-HCMUS\HCMUS\HK2\ProgrammingTechniques\Project\Code\22CLC02-ProgrammingTechniques-Group01\TESTING WINFORM\CMS\import.cpp(263,120): message : only simple value types are allowed
C:\Users\Toan\OneDrive - VNU-HCMUS\HCMUS\HK2\ProgrammingTechniques\Project\Code\22CLC02-ProgrammingTechniques-Group01\TESTING WINFORM\CMS\import.cpp(265,74): error C3255: 'GROUP1::DLL<Data_Type>': cannot dynamically allocate this value type object on native heap
          with
          [
              Data_Type=GROUP1::SCHOOLYEAR
          ]
C:\Users\Toan\OneDrive - VNU-HCMUS\HCMUS\HK2\ProgrammingTechniques\Project\Code\22CLC02-ProgrammingTechniques-Group01\TESTING WINFORM\CMS\import.cpp(265,74): message : only simple value types are allowed
C:\Users\Toan\OneDrive - VNU-HCMUS\HCMUS\HK2\ProgrammingTechniques\Project\Code\22CLC02-ProgrammingTechniques-Group01\TESTING WINFORM\CMS\import.cpp(274,27): error C2065: 'temp': undeclared identifier
C:\Users\Toan\OneDrive - VNU-HCMUS\HCMUS\HK2\ProgrammingTechniques\Project\Code\22CLC02-ProgrammingTechniques-Group01\TESTING WINFORM\CMS\import.cpp(275,36): error C2065: 'temp': undeclared identifier
C:\Users\Toan\OneDrive - VNU-HCMUS\HCMUS\HK2\ProgrammingTechniques\Project\Code\22CLC02-ProgrammingTechniques-Group01\TESTING WINFORM\CMS\import.cpp(275,31): error C3861: 'stoi': identifier not found
C:\Users\Toan\OneDrive - VNU-HCMUS\HCMUS\HK2\ProgrammingTechniques\Project\Code\22CLC02-ProgrammingTechniques-Group01\TESTING WINFORM\CMS\import.cpp(279,27): error C2065: 'temp': undeclared identifier
C:\Users\Toan\OneDrive - VNU-HCMUS\HCMUS\HK2\ProgrammingTechniques\Project\Code\22CLC02-ProgrammingTechniques-Group01\TESTING WINFORM\CMS\import.cpp(280,34): error C2065: 'temp': undeclared identifier
C:\Users\Toan\OneDrive - VNU-HCMUS\HCMUS\HK2\ProgrammingTechniques\Project\Code\22CLC02-ProgrammingTechniques-Group01\TESTING WINFORM\CMS\import.cpp(280,29): error C3861: 'stoi': identifier not found
C:\Users\Toan\OneDrive - VNU-HCMUS\HCMUS\HK2\ProgrammingTechniques\Project\Code\22CLC02-ProgrammingTechniques-Group01\TESTING WINFORM\CMS\import.cpp(284,9): error C2065: 'string': undeclared identifier
C:\Users\Toan\OneDrive - VNU-HCMUS\HCMUS\HK2\ProgrammingTechniques\Project\Code\22CLC02-ProgrammingTechniques-Group01\TESTING WINFORM\CMS\import.cpp(284,16): error C2146: syntax error: missing ';' before identifier 'filenameImportSemester'
C:\Users\Toan\OneDrive - VNU-HCMUS\HCMUS\HK2\ProgrammingTechniques\Project\Code\22CLC02-ProgrammingTechniques-Group01\TESTING WINFORM\CMS\import.cpp(284,16): error C2065: 'filenameImportSemester': undeclared identifier
C:\Users\Toan\OneDrive - VNU-HCMUS\HCMUS\HK2\ProgrammingTechniques\Project\Code\22CLC02-ProgrammingTechniques-Group01\TESTING WINFORM\CMS\import.cpp(285,27): error C2065: 'filenameImportSemester': undeclared identifier
C:\Users\Toan\OneDrive - VNU-HCMUS\HCMUS\HK2\ProgrammingTechniques\Project\Code\22CLC02-ProgrammingTechniques-Group01\TESTING WINFORM\CMS\import.cpp(291,27): error C2065: 'temp': undeclared identifier
C:\Users\Toan\OneDrive - VNU-HCMUS\HCMUS\HK2\ProgrammingTechniques\Project\Code\22CLC02-ProgrammingTechniques-Group01\TESTING WINFORM\CMS\import.cpp(292,13): error C2065: 'temp': undeclared identifier
C:\Users\Toan\OneDrive - VNU-HCMUS\HCMUS\HK2\ProgrammingTechniques\Project\Code\22CLC02-ProgrammingTechniques-Group01\TESTING WINFORM\CMS\import.cpp(293,69): error C2065: 'filenameImportSemester': undeclared identifier
C:\Users\Toan\OneDrive - VNU-HCMUS\HCMUS\HK2\ProgrammingTechniques\Project\Code\22CLC02-ProgrammingTechniques-Group01\TESTING WINFORM\CMS\import.cpp(297,27): error C2065: 'temp': undeclared identifier
C:\Users\Toan\OneDrive - VNU-HCMUS\HCMUS\HK2\ProgrammingTechniques\Project\Code\22CLC02-ProgrammingTechniques-Group01\TESTING WINFORM\CMS\import.cpp(298,13): error C2065: 'temp': undeclared identifier
C:\Users\Toan\OneDrive - VNU-HCMUS\HCMUS\HK2\ProgrammingTechniques\Project\Code\22CLC02-ProgrammingTechniques-Group01\TESTING WINFORM\CMS\import.cpp(299,69): error C2065: 'filenameImportSemester': undeclared identifier
C:\Users\Toan\OneDrive - VNU-HCMUS\HCMUS\HK2\ProgrammingTechniques\Project\Code\22CLC02-ProgrammingTechniques-Group01\TESTING WINFORM\CMS\import.cpp(303,27): error C2065: 'temp': undeclared identifier
C:\Users\Toan\OneDrive - VNU-HCMUS\HCMUS\HK2\ProgrammingTechniques\Project\Code\22CLC02-ProgrammingTechniques-Group01\TESTING WINFORM\CMS\import.cpp(304,13): error C2065: 'temp': undeclared identifier
C:\Users\Toan\OneDrive - VNU-HCMUS\HCMUS\HK2\ProgrammingTechniques\Project\Code\22CLC02-ProgrammingTechniques-Group01\TESTING WINFORM\CMS\import.cpp(305,69): error C2065: 'filenameImportSemester': undeclared identifier
  Login.cpp
C:\Users\Toan\OneDrive - VNU-HCMUS\HCMUS\HK2\ProgrammingTechniques\Project\Code\22CLC02-ProgrammingTechniques-Group01\TESTING WINFORM\CMS\header.h(59,30): error C3816: 'struct GROUP1::DATE' was previously declared or defined with a different managed modifier
C:\Users\Toan\OneDrive - VNU-HCMUS\HCMUS\HK2\ProgrammingTechniques\Project\Code\22CLC02-ProgrammingTechniques-Group01\TESTING WINFORM\CMS\header.h(59): message : see declaration of 'GROUP1::DATE'
C:\Users\Toan\OneDrive - VNU-HCMUS\HCMUS\HK2\ProgrammingTechniques\Project\Code\22CLC02-ProgrammingTechniques-Group01\TESTING WINFORM\CMS\header.h(66,30): error C3816: 'struct GROUP1::USER' was previously declared or defined with a different managed modifier
C:\Users\Toan\OneDrive - VNU-HCMUS\HCMUS\HK2\ProgrammingTechniques\Project\Code\22CLC02-ProgrammingTechniques-Group01\TESTING WINFORM\CMS\header.h(66): message : see declaration of 'GROUP1::USER'
C:\Users\Toan\OneDrive - VNU-HCMUS\HCMUS\HK2\ProgrammingTechniques\Project\Code\22CLC02-ProgrammingTechniques-Group01\TESTING WINFORM\CMS\header.h(73,31): error C3816: 'struct GROUP1::STAFF' was previously declared or defined with a different managed modifier
C:\Users\Toan\OneDrive - VNU-HCMUS\HCMUS\HK2\ProgrammingTechniques\Project\Code\22CLC02-ProgrammingTechniques-Group01\TESTING WINFORM\CMS\header.h(73): message : see declaration of 'GROUP1::STAFF'
C:\Users\Toan\OneDrive - VNU-HCMUS\HCMUS\HK2\ProgrammingTechniques\Project\Code\22CLC02-ProgrammingTechniques-Group01\TESTING WINFORM\CMS\header.h(82,36): error C3816: 'struct GROUP1::SCOREBOARD' was previously declared or defined with a different managed modifier
C:\Users\Toan\OneDrive - VNU-HCMUS\HCMUS\HK2\ProgrammingTechniques\Project\Code\22CLC02-ProgrammingTechniques-Group01\TESTING WINFORM\CMS\header.h(82): message : see declaration of 'GROUP1::SCOREBOARD'
C:\Users\Toan\OneDrive - VNU-HCMUS\HCMUS\HK2\ProgrammingTechniques\Project\Code\22CLC02-ProgrammingTechniques-Group01\TESTING WINFORM\CMS\header.h(89,33): error C3816: 'struct GROUP1::STUDENT' was previously declared or defined with a different managed modifier
C:\Users\Toan\OneDrive - VNU-HCMUS\HCMUS\HK2\ProgrammingTechniques\Project\Code\22CLC02-ProgrammingTechniques-Group01\TESTING WINFORM\CMS\header.h(89): message : see declaration of 'GROUP1::STUDENT'
C:\Users\Toan\OneDrive - VNU-HCMUS\HCMUS\HK2\ProgrammingTechniques\Project\Code\22CLC02-ProgrammingTechniques-Group01\TESTING WINFORM\CMS\header.h(108,32): error C3816: 'struct GROUP1::COURSE' was previously declared or defined with a different managed modifier
C:\Users\Toan\OneDrive - VNU-HCMUS\HCMUS\HK2\ProgrammingTechniques\Project\Code\22CLC02-ProgrammingTechniques-Group01\TESTING WINFORM\CMS\header.h(108): message : see declaration of 'GROUP1::COURSE'
C:\Users\Toan\OneDrive - VNU-HCMUS\HCMUS\HK2\ProgrammingTechniques\Project\Code\22CLC02-ProgrammingTechniques-Group01\TESTING WINFORM\CMS\header.h(133,34): error C3816: 'struct GROUP1::SEMESTER' was previously declared or defined with a different managed modifier
C:\Users\Toan\OneDrive - VNU-HCMUS\HCMUS\HK2\ProgrammingTechniques\Project\Code\22CLC02-ProgrammingTechniques-Group01\TESTING WINFORM\CMS\header.h(133): message : see declaration of 'GROUP1::SEMESTER'
C:\Users\Toan\OneDrive - VNU-HCMUS\HCMUS\HK2\ProgrammingTechniques\Project\Code\22CLC02-ProgrammingTechniques-Group01\TESTING WINFORM\CMS\header.h(139,36): error C3816: 'struct GROUP1::SCHOOLYEAR' was previously declared or defined with a different managed modifier
C:\Users\Toan\OneDrive - VNU-HCMUS\HCMUS\HK2\ProgrammingTechniques\Project\Code\22CLC02-ProgrammingTechniques-Group01\TESTING WINFORM\CMS\header.h(139): message : see declaration of 'GROUP1::SCHOOLYEAR'
C:\Users\Toan\OneDrive - VNU-HCMUS\HCMUS\HK2\ProgrammingTechniques\Project\Code\22CLC02-ProgrammingTechniques-Group01\TESTING WINFORM\CMS\header.h(154,36): error C3265: cannot declare a managed 'student' in an unmanaged 'GROUP1::CLASS'
C:\Users\Toan\OneDrive - VNU-HCMUS\HCMUS\HK2\ProgrammingTechniques\Project\Code\22CLC02-ProgrammingTechniques-Group01\TESTING WINFORM\CMS\header.h(154,36): message : only simple value types are allowed
C:\Users\Toan\OneDrive - VNU-HCMUS\HCMUS\HK2\ProgrammingTechniques\Project\Code\22CLC02-ProgrammingTechniques-Group01\TESTING WINFORM\CMS\header.h(173,39): error C3145: 'g_currentSchoolYear': global or static variable may not have managed type 'GROUP1::SCHOOLYEAR'
C:\Users\Toan\OneDrive - VNU-HCMUS\HCMUS\HK2\ProgrammingTechniques\Project\Code\22CLC02-ProgrammingTechniques-Group01\TESTING WINFORM\CMS\header.h(173,39): message : only simple value types are allowed
C:\Users\Toan\OneDrive - VNU-HCMUS\HCMUS\HK2\ProgrammingTechniques\Project\Code\22CLC02-ProgrammingTechniques-Group01\TESTING WINFORM\CMS\header.h(174,35): error C3145: 'g_currentSemester': global or static variable may not have managed type 'GROUP1::SEMESTER'
C:\Users\Toan\OneDrive - VNU-HCMUS\HCMUS\HK2\ProgrammingTechniques\Project\Code\22CLC02-ProgrammingTechniques-Group01\TESTING WINFORM\CMS\header.h(174,35): message : only simple value types are allowed
C:\Users\Toan\OneDrive - VNU-HCMUS\HCMUS\HK2\ProgrammingTechniques\Project\Code\22CLC02-ProgrammingTechniques-Group01\TESTING WINFORM\CMS\header.h(178,59): error C3145: 'L_SchoolYear': global or static variable may not have managed type 'GROUP1::LIST<GROUP1::DLL,GROUP1::SCHOOLYEAR>'
C:\Users\Toan\OneDrive - VNU-HCMUS\HCMUS\HK2\ProgrammingTechniques\Project\Code\22CLC02-ProgrammingTechniques-Group01\TESTING WINFORM\CMS\header.h(178,59): message : only simple value types are allowed
C:\Users\Toan\OneDrive - VNU-HCMUS\HCMUS\HK2\ProgrammingTechniques\Project\Code\22CLC02-ProgrammingTechniques-Group01\TESTING WINFORM\CMS\header.h(179,50): error C3145: 'L_Staff': global or static variable may not have managed type 'GROUP1::LIST<GROUP1::DLL,GROUP1::STAFF *>'
C:\Users\Toan\OneDrive - VNU-HCMUS\HCMUS\HK2\ProgrammingTechniques\Project\Code\22CLC02-ProgrammingTechniques-Group01\TESTING WINFORM\CMS\header.h(179,50): message : only simple value types are allowed
C:\Users\Toan\OneDrive - VNU-HCMUS\HCMUS\HK2\ProgrammingTechniques\Project\Code\22CLC02-ProgrammingTechniques-Group01\TESTING WINFORM\CMS\header.h(180,54): error C3145: 'L_Student': global or static variable may not have managed type 'GROUP1::LIST<GROUP1::DLL,GROUP1::STUDENT *>'
C:\Users\Toan\OneDrive - VNU-HCMUS\HCMUS\HK2\ProgrammingTechniques\Project\Code\22CLC02-ProgrammingTechniques-Group01\TESTING WINFORM\CMS\header.h(180,54): message : only simple value types are allowed
C:\Users\Toan\OneDrive - VNU-HCMUS\HCMUS\HK2\ProgrammingTechniques\Project\Code\22CLC02-ProgrammingTechniques-Group01\TESTING WINFORM\CMS\header.h(181,49): error C3145: 'L_Class': global or static variable may not have managed type 'GROUP1::LIST<GROUP1::DLL,GROUP1::CLASS>'
C:\Users\Toan\OneDrive - VNU-HCMUS\HCMUS\HK2\ProgrammingTechniques\Project\Code\22CLC02-ProgrammingTechniques-Group01\TESTING WINFORM\CMS\header.h(181,49): message : only simple value types are allowed
C:\Users\Toan\OneDrive - VNU-HCMUS\HCMUS\HK2\ProgrammingTechniques\Project\Code\22CLC02-ProgrammingTechniques-Group01\TESTING WINFORM\CMS\Login.h(159,1): error C2440: '=': cannot convert from 'std::string' to 'System::String ^'
C:\Users\Toan\OneDrive - VNU-HCMUS\HCMUS\HK2\ProgrammingTechniques\Project\Code\22CLC02-ProgrammingTechniques-Group01\TESTING WINFORM\CMS\Login.h(159,1): message : No user-defined-conversion operator available, or
C:\Users\Toan\OneDrive - VNU-HCMUS\HCMUS\HK2\ProgrammingTechniques\Project\Code\22CLC02-ProgrammingTechniques-Group01\TESTING WINFORM\CMS\Login.h(159,58): message : No user-defined-conversion operator available that can perform this conversion, or the operator cannot be called
C:\Users\Toan\OneDrive - VNU-HCMUS\HCMUS\HK2\ProgrammingTechniques\Project\Code\22CLC02-ProgrammingTechniques-Group01\TESTING WINFORM\CMS\Login.h(160,1): error C2440: '=': cannot convert from 'std::string' to 'System::String ^'
C:\Users\Toan\OneDrive - VNU-HCMUS\HCMUS\HK2\ProgrammingTechniques\Project\Code\22CLC02-ProgrammingTechniques-Group01\TESTING WINFORM\CMS\Login.h(160,1): message : No user-defined-conversion operator available, or
C:\Users\Toan\OneDrive - VNU-HCMUS\HCMUS\HK2\ProgrammingTechniques\Project\Code\22CLC02-ProgrammingTechniques-Group01\TESTING WINFORM\CMS\Login.h(160,58): message : No user-defined-conversion operator available that can perform this conversion, or the operator cannot be called
C:\Users\Toan\OneDrive - VNU-HCMUS\HCMUS\HK2\ProgrammingTechniques\Project\Code\22CLC02-ProgrammingTechniques-Group01\TESTING WINFORM\CMS\Login.h(161,1): error C2440: 'initializing': cannot convert from 'System::String ^' to 'std::basic_string<char,std::char_traits<char>,std::allocator<char>>'
C:\Users\Toan\OneDrive - VNU-HCMUS\HCMUS\HK2\ProgrammingTechniques\Project\Code\22CLC02-ProgrammingTechniques-Group01\TESTING WINFORM\CMS\Login.h(161,1): message : No constructor could take the source type, or constructor overload resolution was ambiguous
C:\Users\Toan\OneDrive - VNU-HCMUS\HCMUS\HK2\ProgrammingTechniques\Project\Code\22CLC02-ProgrammingTechniques-Group01\TESTING WINFORM\CMS\header.h(43,1): error C3446: 'GROUP1::DLL<Data_Type>::prev': a default member initializer is not allowed for a member of a value class
          with
          [
              Data_Type=GROUP1::STUDENT *
          ]
C:\Users\Toan\OneDrive - VNU-HCMUS\HCMUS\HK2\ProgrammingTechniques\Project\Code\22CLC02-ProgrammingTechniques-Group01\TESTING WINFORM\CMS\Login.h(165): message : see reference to class template instantiation 'GROUP1::DLL<Data_Type>' being compiled
          with
          [
              Data_Type=GROUP1::STUDENT *
          ]
C:\Users\Toan\OneDrive - VNU-HCMUS\HCMUS\HK2\ProgrammingTechniques\Project\Code\22CLC02-ProgrammingTechniques-Group01\TESTING WINFORM\CMS\header.h(43,41): error C3446: 'GROUP1::DLL<Data_Type>::next': a default member initializer is not allowed for a member of a value class
          with
          [
              Data_Type=GROUP1::STUDENT *
          ]
C:\Users\Toan\OneDrive - VNU-HCMUS\HCMUS\HK2\ProgrammingTechniques\Project\Code\22CLC02-ProgrammingTechniques-Group01\TESTING WINFORM\CMS\Login.cpp(8,41): warning C4829: Possibly incorrect parameters to function main. Consider 'int main(Platform::Array<Platform::String^>^ argv)'
  Generating Code...
